user_nums: 7928 item_nums: 29346
(spent time: 10.918460369110107s)
epoch:1, loss:[0.666552] = mf:[0.666468] + reg:[0.000084]
(spent time: 1.4662997722625732s)
recall@10:[0.021711], ndcg@10:[0.018744], recall@20:[0.035291], ndcg@20:[0.024488]
(spent time: 10.582594633102417s)
epoch:2, loss:[0.487170] = mf:[0.486314] + reg:[0.000856]
(spent time: 1.483560562133789s)
recall@10:[0.021607], ndcg@10:[0.018327], recall@20:[0.035748], ndcg@20:[0.024305]
(spent time: 10.97200059890747s)
epoch:3, loss:[0.357602] = mf:[0.355705] + reg:[0.001898]
(spent time: 1.5016417503356934s)
recall@10:[0.022611], ndcg@10:[0.019106], recall@20:[0.036888], ndcg@20:[0.025161]
(spent time: 10.83140230178833s)
epoch:4, loss:[0.304167] = mf:[0.301477] + reg:[0.002690]
(spent time: 1.585460901260376s)
recall@10:[0.023686], ndcg@10:[0.019811], recall@20:[0.038408], ndcg@20:[0.026090]
(spent time: 9.15723729133606s)
epoch:5, loss:[0.275351] = mf:[0.272084] + reg:[0.003267]
(spent time: 1.5136604309082031s)
recall@10:[0.024282], ndcg@10:[0.020220], recall@20:[0.039237], ndcg@20:[0.026615]
(spent time: 10.991297721862793s)
epoch:6, loss:[0.256453] = mf:[0.252744] + reg:[0.003709]
(spent time: 1.5927176475524902s)
recall@10:[0.024633], ndcg@10:[0.020697], recall@20:[0.039925], ndcg@20:[0.027193]
(spent time: 10.914828300476074s)
epoch:7, loss:[0.239974] = mf:[0.235911] + reg:[0.004064]
(spent time: 1.4669568538665771s)
recall@10:[0.024995], ndcg@10:[0.021147], recall@20:[0.040460], ndcg@20:[0.027738]
(spent time: 10.999678134918213s)
epoch:8, loss:[0.228010] = mf:[0.223645] + reg:[0.004365]
(spent time: 1.413501501083374s)
recall@10:[0.025585], ndcg@10:[0.021457], recall@20:[0.041098], ndcg@20:[0.028046]
(spent time: 9.43886685371399s)
epoch:9, loss:[0.218756] = mf:[0.214140] + reg:[0.004616]
(spent time: 1.5527684688568115s)
recall@10:[0.026094], ndcg@10:[0.021912], recall@20:[0.042193], ndcg@20:[0.028752]
(spent time: 11.001791715621948s)
epoch:10, loss:[0.209707] = mf:[0.204867] + reg:[0.004840]
(spent time: 1.5333912372589111s)
recall@10:[0.026805], ndcg@10:[0.022447], recall@20:[0.042668], ndcg@20:[0.029213]
(spent time: 10.355374813079834s)
epoch:11, loss:[0.201973] = mf:[0.196926] + reg:[0.005046]
(spent time: 1.600705623626709s)
recall@10:[0.027470], ndcg@10:[0.022954], recall@20:[0.043060], ndcg@20:[0.029617]
(spent time: 10.997419118881226s)
epoch:12, loss:[0.194546] = mf:[0.189313] + reg:[0.005233]
(spent time: 1.5743398666381836s)
recall@10:[0.028198], ndcg@10:[0.023518], recall@20:[0.044026], ndcg@20:[0.030262]
(spent time: 10.508788347244263s)
epoch:13, loss:[0.188811] = mf:[0.183405] + reg:[0.005406]
(spent time: 1.5996625423431396s)
recall@10:[0.028361], ndcg@10:[0.023766], recall@20:[0.044789], ndcg@20:[0.030724]
(spent time: 8.887832403182983s)
epoch:14, loss:[0.184235] = mf:[0.178670] + reg:[0.005565]
(spent time: 1.5825865268707275s)
recall@10:[0.028942], ndcg@10:[0.024177], recall@20:[0.045281], ndcg@20:[0.031105]
(spent time: 10.484891891479492s)
epoch:15, loss:[0.177527] = mf:[0.171810] + reg:[0.005717]
(spent time: 1.5800011157989502s)
recall@10:[0.028778], ndcg@10:[0.024242], recall@20:[0.045856], ndcg@20:[0.031491]
(spent time: 11.038087844848633s)
epoch:16, loss:[0.173636] = mf:[0.167770] + reg:[0.005866]
(spent time: 1.5509586334228516s)
recall@10:[0.029563], ndcg@10:[0.024705], recall@20:[0.046983], ndcg@20:[0.032044]
(spent time: 10.897612571716309s)
epoch:17, loss:[0.168700] = mf:[0.162701] + reg:[0.005999]
(spent time: 1.510054111480713s)
recall@10:[0.029708], ndcg@10:[0.024850], recall@20:[0.047892], ndcg@20:[0.032540]
(spent time: 10.941965579986572s)
epoch:18, loss:[0.164121] = mf:[0.157990] + reg:[0.006132]
(spent time: 1.6376073360443115s)
recall@10:[0.030327], ndcg@10:[0.025368], recall@20:[0.048387], ndcg@20:[0.033014]
(spent time: 10.345189332962036s)
epoch:19, loss:[0.160794] = mf:[0.154536] + reg:[0.006259]
(spent time: 1.5796382427215576s)
recall@10:[0.030783], ndcg@10:[0.025708], recall@20:[0.049462], ndcg@20:[0.033578]
(spent time: 11.025460243225098s)
epoch:20, loss:[0.156755] = mf:[0.150372] + reg:[0.006382]
(spent time: 1.4857244491577148s)
recall@10:[0.030879], ndcg@10:[0.025824], recall@20:[0.049926], ndcg@20:[0.033857]
(spent time: 10.583219766616821s)
epoch:21, loss:[0.154310] = mf:[0.147811] + reg:[0.006498]
(spent time: 1.485893964767456s)
recall@10:[0.031414], ndcg@10:[0.026300], recall@20:[0.050573], ndcg@20:[0.034361]
(spent time: 10.73465085029602s)
epoch:22, loss:[0.151978] = mf:[0.145369] + reg:[0.006609]
(spent time: 1.5327908992767334s)
recall@10:[0.031759], ndcg@10:[0.026459], recall@20:[0.050857], ndcg@20:[0.034520]
(spent time: 7.997512102127075s)
epoch:23, loss:[0.148564] = mf:[0.141851] + reg:[0.006712]
(spent time: 1.6281943321228027s)
recall@10:[0.032144], ndcg@10:[0.026731], recall@20:[0.051342], ndcg@20:[0.034861]
(spent time: 10.70003628730774s)
epoch:24, loss:[0.145969] = mf:[0.139153] + reg:[0.006816]
(spent time: 1.5156333446502686s)
recall@10:[0.032337], ndcg@10:[0.026938], recall@20:[0.052318], ndcg@20:[0.035396]
(spent time: 10.885881662368774s)
epoch:25, loss:[0.142940] = mf:[0.136019] + reg:[0.006921]
(spent time: 1.5236575603485107s)
recall@10:[0.033001], ndcg@10:[0.027385], recall@20:[0.052812], ndcg@20:[0.035782]
(spent time: 10.751703262329102s)
epoch:26, loss:[0.140591] = mf:[0.133570] + reg:[0.007021]
(spent time: 1.5010344982147217s)
recall@10:[0.033514], ndcg@10:[0.027776], recall@20:[0.054100], ndcg@20:[0.036449]
(spent time: 10.824969291687012s)
epoch:27, loss:[0.138905] = mf:[0.131793] + reg:[0.007112]
(spent time: 1.5059020519256592s)
recall@10:[0.033528], ndcg@10:[0.028061], recall@20:[0.054610], ndcg@20:[0.036902]
(spent time: 8.401527166366577s)
epoch:28, loss:[0.136633] = mf:[0.129431] + reg:[0.007202]
(spent time: 1.550584077835083s)
recall@10:[0.033972], ndcg@10:[0.028334], recall@20:[0.054842], ndcg@20:[0.037087]
(spent time: 11.109055519104004s)
epoch:29, loss:[0.134899] = mf:[0.127608] + reg:[0.007291]
(spent time: 1.581700325012207s)
recall@10:[0.034253], ndcg@10:[0.028601], recall@20:[0.055713], ndcg@20:[0.037574]
(spent time: 10.775070667266846s)
epoch:30, loss:[0.131942] = mf:[0.124566] + reg:[0.007376]
(spent time: 1.5925559997558594s)
recall@10:[0.034500], ndcg@10:[0.028765], recall@20:[0.056324], ndcg@20:[0.037867]
(spent time: 10.923943519592285s)
epoch:31, loss:[0.129913] = mf:[0.122445] + reg:[0.007468]
(spent time: 1.5701944828033447s)
recall@10:[0.034778], ndcg@10:[0.029085], recall@20:[0.057004], ndcg@20:[0.038355]
(spent time: 9.667811870574951s)
epoch:32, loss:[0.128738] = mf:[0.121187] + reg:[0.007551]
(spent time: 1.66001558303833s)
recall@10:[0.035439], ndcg@10:[0.029451], recall@20:[0.057727], ndcg@20:[0.038720]
(spent time: 11.094177722930908s)
epoch:33, loss:[0.126853] = mf:[0.119219] + reg:[0.007634]
(spent time: 1.5888831615447998s)
recall@10:[0.035700], ndcg@10:[0.029628], recall@20:[0.058169], ndcg@20:[0.038969]
(spent time: 10.7589111328125s)
epoch:34, loss:[0.124218] = mf:[0.116502] + reg:[0.007716]
(spent time: 1.492605447769165s)
recall@10:[0.035890], ndcg@10:[0.029866], recall@20:[0.058820], ndcg@20:[0.039413]
(spent time: 10.83825159072876s)
epoch:35, loss:[0.123013] = mf:[0.115214] + reg:[0.007798]
(spent time: 1.7060914039611816s)
recall@10:[0.036303], ndcg@10:[0.030135], recall@20:[0.058758], ndcg@20:[0.039491]
(spent time: 9.360193252563477s)
epoch:36, loss:[0.121641] = mf:[0.113761] + reg:[0.007880]
(spent time: 1.4631624221801758s)
recall@10:[0.036601], ndcg@10:[0.030356], recall@20:[0.059339], ndcg@20:[0.039798]
(spent time: 3.7038075923919678s)
epoch:37, loss:[0.121130] = mf:[0.113175] + reg:[0.007955]
(spent time: 1.539977788925171s)
recall@10:[0.036667], ndcg@10:[0.030639], recall@20:[0.059754], ndcg@20:[0.040202]
(spent time: 9.896560192108154s)
epoch:38, loss:[0.118732] = mf:[0.110706] + reg:[0.008026]
(spent time: 1.5793445110321045s)
recall@10:[0.037440], ndcg@10:[0.031228], recall@20:[0.060127], ndcg@20:[0.040655]
(spent time: 9.809183835983276s)
epoch:39, loss:[0.117769] = mf:[0.109667] + reg:[0.008102]
(spent time: 1.5157151222229004s)
recall@10:[0.037308], ndcg@10:[0.031323], recall@20:[0.060434], ndcg@20:[0.040899]
(spent time: 9.93293571472168s)
epoch:40, loss:[0.115990] = mf:[0.107818] + reg:[0.008173]
(spent time: 1.488818645477295s)
recall@10:[0.037680], ndcg@10:[0.031617], recall@20:[0.060889], ndcg@20:[0.041252]
(spent time: 9.886699199676514s)
epoch:41, loss:[0.114816] = mf:[0.106574] + reg:[0.008242]
(spent time: 1.6680371761322021s)
recall@10:[0.037922], ndcg@10:[0.031671], recall@20:[0.061535], ndcg@20:[0.041486]
(spent time: 7.506776571273804s)
epoch:42, loss:[0.113723] = mf:[0.105411] + reg:[0.008312]
(spent time: 1.4488427639007568s)
recall@10:[0.038476], ndcg@10:[0.031971], recall@20:[0.062276], ndcg@20:[0.041881]
(spent time: 9.986631631851196s)
epoch:43, loss:[0.112665] = mf:[0.104281] + reg:[0.008384]
(spent time: 1.6185495853424072s)
recall@10:[0.038799], ndcg@10:[0.032167], recall@20:[0.062239], ndcg@20:[0.041988]
(spent time: 9.463255643844604s)
epoch:44, loss:[0.111153] = mf:[0.102704] + reg:[0.008449]
(spent time: 1.5444512367248535s)
recall@10:[0.038731], ndcg@10:[0.032299], recall@20:[0.062790], ndcg@20:[0.042354]
(spent time: 9.857612371444702s)
epoch:45, loss:[0.109405] = mf:[0.100889] + reg:[0.008516]
(spent time: 1.5305917263031006s)
recall@10:[0.039007], ndcg@10:[0.032430], recall@20:[0.063019], ndcg@20:[0.042466]
(spent time: 9.526044130325317s)
epoch:46, loss:[0.108823] = mf:[0.100240] + reg:[0.008583]
(spent time: 1.7015509605407715s)
recall@10:[0.039223], ndcg@10:[0.032837], recall@20:[0.063497], ndcg@20:[0.042966]
(spent time: 9.790729284286499s)
epoch:47, loss:[0.107410] = mf:[0.098765] + reg:[0.008644]
(spent time: 1.4665420055389404s)
recall@10:[0.039166], ndcg@10:[0.032866], recall@20:[0.063447], ndcg@20:[0.042997]
(spent time: 9.695878505706787s)
epoch:48, loss:[0.106557] = mf:[0.097848] + reg:[0.008710]
(spent time: 1.5805413722991943s)
recall@10:[0.039272], ndcg@10:[0.032952], recall@20:[0.063918], ndcg@20:[0.043256]
(spent time: 10.010591983795166s)
epoch:49, loss:[0.104832] = mf:[0.096057] + reg:[0.008775]
(spent time: 1.4846854209899902s)
recall@10:[0.039996], ndcg@10:[0.033423], recall@20:[0.064557], ndcg@20:[0.043693]
(spent time: 9.401050806045532s)
epoch:50, loss:[0.103613] = mf:[0.094771] + reg:[0.008842]
(spent time: 1.4821972846984863s)
recall@10:[0.040453], ndcg@10:[0.033794], recall@20:[0.064980], ndcg@20:[0.044011]
(spent time: 6.907118797302246s)
epoch:51, loss:[0.103366] = mf:[0.094457] + reg:[0.008908]
(spent time: 1.4882142543792725s)
recall@10:[0.040660], ndcg@10:[0.033915], recall@20:[0.064963], ndcg@20:[0.044022]
(spent time: 9.525328397750854s)
epoch:52, loss:[0.101675] = mf:[0.092708] + reg:[0.008968]
(spent time: 1.45845365524292s)
recall@10:[0.040835], ndcg@10:[0.033952], recall@20:[0.064937], ndcg@20:[0.044002]
(spent time: 10.028113842010498s)
epoch:53, loss:[0.101832] = mf:[0.092801] + reg:[0.009031]
(spent time: 1.5608868598937988s)
recall@10:[0.040929], ndcg@10:[0.034143], recall@20:[0.065228], ndcg@20:[0.044296]
(spent time: 9.93590784072876s)
epoch:54, loss:[0.100756] = mf:[0.091668] + reg:[0.009087]
(spent time: 1.5359869003295898s)
recall@10:[0.041038], ndcg@10:[0.034264], recall@20:[0.065657], ndcg@20:[0.044542]
(spent time: 10.053051710128784s)
epoch:55, loss:[0.099336] = mf:[0.090189] + reg:[0.009146]
(spent time: 1.5289461612701416s)
recall@10:[0.041643], ndcg@10:[0.034650], recall@20:[0.066041], ndcg@20:[0.044811]
(spent time: 7.710864543914795s)
epoch:56, loss:[0.099090] = mf:[0.089884] + reg:[0.009206]
(spent time: 1.5863409042358398s)
recall@10:[0.041848], ndcg@10:[0.034733], recall@20:[0.067045], ndcg@20:[0.045238]
(spent time: 9.814517259597778s)
epoch:57, loss:[0.097585] = mf:[0.088320] + reg:[0.009265]
(spent time: 1.4370601177215576s)
recall@10:[0.041938], ndcg@10:[0.034776], recall@20:[0.066765], ndcg@20:[0.045175]
(spent time: 9.9042489528656s)
epoch:58, loss:[0.097360] = mf:[0.088035] + reg:[0.009325]
(spent time: 1.403946876525879s)
recall@10:[0.042635], ndcg@10:[0.034995], recall@20:[0.067609], ndcg@20:[0.045415]
(spent time: 9.571444749832153s)
epoch:59, loss:[0.095910] = mf:[0.086531] + reg:[0.009380]
(spent time: 1.5022718906402588s)
recall@10:[0.042341], ndcg@10:[0.034912], recall@20:[0.068294], ndcg@20:[0.045706]
(spent time: 9.103879690170288s)
epoch:60, loss:[0.096023] = mf:[0.086586] + reg:[0.009437]
(spent time: 1.6181471347808838s)
recall@10:[0.042803], ndcg@10:[0.035157], recall@20:[0.068808], ndcg@20:[0.045980]
(spent time: 9.711904525756836s)
epoch:61, loss:[0.094641] = mf:[0.085148] + reg:[0.009493]
(spent time: 1.544701337814331s)
recall@10:[0.043057], ndcg@10:[0.035387], recall@20:[0.068813], ndcg@20:[0.046110]
(spent time: 10.196621417999268s)
epoch:62, loss:[0.094558] = mf:[0.085011] + reg:[0.009546]
(spent time: 1.5164690017700195s)
recall@10:[0.043270], ndcg@10:[0.035399], recall@20:[0.068766], ndcg@20:[0.046042]
(spent time: 9.981056213378906s)
epoch:63, loss:[0.093320] = mf:[0.083724] + reg:[0.009596]
(spent time: 1.5177772045135498s)
recall@10:[0.043395], ndcg@10:[0.035416], recall@20:[0.069476], ndcg@20:[0.046262]
(spent time: 10.159514427185059s)
epoch:64, loss:[0.092519] = mf:[0.082872] + reg:[0.009647]
(spent time: 1.5335140228271484s)
recall@10:[0.043633], ndcg@10:[0.035538], recall@20:[0.069636], ndcg@20:[0.046346]
(spent time: 5.304499387741089s)
epoch:65, loss:[0.091666] = mf:[0.081966] + reg:[0.009700]
(spent time: 1.5553371906280518s)
recall@10:[0.043560], ndcg@10:[0.035559], recall@20:[0.070112], ndcg@20:[0.046608]
(spent time: 10.28542709350586s)
epoch:66, loss:[0.091367] = mf:[0.081613] + reg:[0.009754]
(spent time: 1.604309320449829s)
recall@10:[0.043439], ndcg@10:[0.035650], recall@20:[0.070556], ndcg@20:[0.046942]
(spent time: 9.806447505950928s)
epoch:67, loss:[0.090358] = mf:[0.080550] + reg:[0.009807]
(spent time: 1.5045356750488281s)
recall@10:[0.043842], ndcg@10:[0.035926], recall@20:[0.070588], ndcg@20:[0.047051]
(spent time: 10.215105295181274s)
epoch:68, loss:[0.090150] = mf:[0.080292] + reg:[0.009858]
(spent time: 1.5201592445373535s)
recall@10:[0.043718], ndcg@10:[0.035807], recall@20:[0.071034], ndcg@20:[0.047211]
(spent time: 10.1433584690094s)
epoch:69, loss:[0.088779] = mf:[0.078871] + reg:[0.009908]
(spent time: 1.5234501361846924s)
recall@10:[0.043799], ndcg@10:[0.035929], recall@20:[0.071610], ndcg@20:[0.047537]
(spent time: 9.394543886184692s)
epoch:70, loss:[0.088114] = mf:[0.078158] + reg:[0.009956]
(spent time: 1.5067343711853027s)
recall@10:[0.044134], ndcg@10:[0.036242], recall@20:[0.071985], ndcg@20:[0.047843]
(spent time: 10.05920696258545s)
epoch:71, loss:[0.088302] = mf:[0.078296] + reg:[0.010006]
(spent time: 1.5094976425170898s)
recall@10:[0.044676], ndcg@10:[0.036649], recall@20:[0.072301], ndcg@20:[0.048169]
(spent time: 9.879321813583374s)
epoch:72, loss:[0.087453] = mf:[0.077399] + reg:[0.010055]
(spent time: 1.5258944034576416s)
recall@10:[0.044708], ndcg@10:[0.036902], recall@20:[0.072701], ndcg@20:[0.048535]
(spent time: 10.067638635635376s)
epoch:73, loss:[0.087026] = mf:[0.076927] + reg:[0.010099]
(spent time: 1.5986590385437012s)
recall@10:[0.044512], ndcg@10:[0.036758], recall@20:[0.072875], ndcg@20:[0.048568]
(spent time: 7.2128376960754395s)
epoch:74, loss:[0.086200] = mf:[0.076056] + reg:[0.010145]
(spent time: 1.5136692523956299s)
recall@10:[0.044999], ndcg@10:[0.037044], recall@20:[0.073061], ndcg@20:[0.048717]
(spent time: 10.038342237472534s)
epoch:75, loss:[0.086324] = mf:[0.076136] + reg:[0.010188]
(spent time: 1.5230638980865479s)
recall@10:[0.045018], ndcg@10:[0.037021], recall@20:[0.073170], ndcg@20:[0.048785]
(spent time: 9.676162958145142s)
epoch:76, loss:[0.084951] = mf:[0.074718] + reg:[0.010233]
(spent time: 1.503159523010254s)
recall@10:[0.045616], ndcg@10:[0.037445], recall@20:[0.072944], ndcg@20:[0.048872]
(spent time: 10.035636186599731s)
epoch:77, loss:[0.084629] = mf:[0.074350] + reg:[0.010279]
(spent time: 1.5489671230316162s)
recall@10:[0.045673], ndcg@10:[0.037591], recall@20:[0.073528], ndcg@20:[0.049200]
(spent time: 9.711979866027832s)
epoch:78, loss:[0.083221] = mf:[0.072896] + reg:[0.010325]
(spent time: 1.504439353942871s)
recall@10:[0.045706], ndcg@10:[0.037469], recall@20:[0.073529], ndcg@20:[0.049098]
(spent time: 8.234825134277344s)
epoch:79, loss:[0.083794] = mf:[0.073417] + reg:[0.010377]
(spent time: 1.5039749145507812s)
recall@10:[0.045826], ndcg@10:[0.037699], recall@20:[0.074050], ndcg@20:[0.049455]
(spent time: 9.850725173950195s)
epoch:80, loss:[0.082754] = mf:[0.072334] + reg:[0.010420]
(spent time: 1.5890512466430664s)
recall@10:[0.045527], ndcg@10:[0.037788], recall@20:[0.073943], ndcg@20:[0.049634]
(spent time: 10.17608380317688s)
epoch:81, loss:[0.082509] = mf:[0.072043] + reg:[0.010466]
(spent time: 1.519214391708374s)
recall@10:[0.046008], ndcg@10:[0.038042], recall@20:[0.074782], ndcg@20:[0.050036]
(spent time: 9.832008600234985s)
epoch:82, loss:[0.081335] = mf:[0.070831] + reg:[0.010505]
(spent time: 1.596482753753662s)
recall@10:[0.045770], ndcg@10:[0.037945], recall@20:[0.074587], ndcg@20:[0.049976]
(spent time: 8.174266338348389s)
epoch:83, loss:[0.081097] = mf:[0.070548] + reg:[0.010549]
(spent time: 1.5866150856018066s)
recall@10:[0.045926], ndcg@10:[0.038142], recall@20:[0.075108], ndcg@20:[0.050319]
(spent time: 9.902448654174805s)
epoch:84, loss:[0.080609] = mf:[0.070015] + reg:[0.010594]
(spent time: 1.5235333442687988s)
recall@10:[0.045990], ndcg@10:[0.038174], recall@20:[0.074936], ndcg@20:[0.050227]
(spent time: 10.280179500579834s)
epoch:85, loss:[0.080318] = mf:[0.069679] + reg:[0.010639]
(spent time: 1.5054965019226074s)
recall@10:[0.046600], ndcg@10:[0.038540], recall@20:[0.075508], ndcg@20:[0.050577]
(spent time: 10.34541630744934s)
epoch:86, loss:[0.080382] = mf:[0.069701] + reg:[0.010681]
(spent time: 1.4931142330169678s)
recall@10:[0.046461], ndcg@10:[0.038544], recall@20:[0.076040], ndcg@20:[0.050844]
(spent time: 10.373202562332153s)
epoch:87, loss:[0.079827] = mf:[0.069109] + reg:[0.010718]
(spent time: 1.643411636352539s)
recall@10:[0.046293], ndcg@10:[0.038378], recall@20:[0.075534], ndcg@20:[0.050596]
(spent time: 8.984236478805542s)
epoch:88, loss:[0.078923] = mf:[0.068164] + reg:[0.010758]
(spent time: 1.4754228591918945s)
recall@10:[0.046700], ndcg@10:[0.038653], recall@20:[0.076238], ndcg@20:[0.050972]
(spent time: 10.350590705871582s)
epoch:89, loss:[0.077882] = mf:[0.067082] + reg:[0.010800]
(spent time: 1.5354976654052734s)
recall@10:[0.047013], ndcg@10:[0.038944], recall@20:[0.076630], ndcg@20:[0.051324]
(spent time: 10.33094835281372s)
epoch:90, loss:[0.078945] = mf:[0.068105] + reg:[0.010840]
(spent time: 1.4462881088256836s)
recall@10:[0.047176], ndcg@10:[0.039175], recall@20:[0.077221], ndcg@20:[0.051672]
(spent time: 10.200565814971924s)
epoch:91, loss:[0.077368] = mf:[0.066489] + reg:[0.010879]
(spent time: 1.541205883026123s)
recall@10:[0.047663], ndcg@10:[0.039391], recall@20:[0.077966], ndcg@20:[0.051971]
(spent time: 7.8319995403289795s)
epoch:92, loss:[0.076978] = mf:[0.066055] + reg:[0.010923]
(spent time: 1.5689778327941895s)
recall@10:[0.047714], ndcg@10:[0.039442], recall@20:[0.078300], ndcg@20:[0.052194]
(spent time: 9.823932886123657s)
epoch:93, loss:[0.077034] = mf:[0.066071] + reg:[0.010963]
(spent time: 1.520883321762085s)
recall@10:[0.048022], ndcg@10:[0.039605], recall@20:[0.078354], ndcg@20:[0.052227]
(spent time: 10.082478284835815s)
epoch:94, loss:[0.076760] = mf:[0.065761] + reg:[0.010999]
(spent time: 1.5052309036254883s)
recall@10:[0.047578], ndcg@10:[0.039505], recall@20:[0.077960], ndcg@20:[0.052193]
(spent time: 9.688716173171997s)
epoch:95, loss:[0.075612] = mf:[0.064579] + reg:[0.011034]
(spent time: 1.533827304840088s)
recall@10:[0.048344], ndcg@10:[0.039860], recall@20:[0.077853], ndcg@20:[0.052166]
(spent time: 10.314005136489868s)
epoch:96, loss:[0.074948] = mf:[0.063871] + reg:[0.011077]
(spent time: 1.7137408256530762s)
recall@10:[0.048376], ndcg@10:[0.040134], recall@20:[0.077674], ndcg@20:[0.052360]
(spent time: 9.132647275924683s)
epoch:97, loss:[0.074686] = mf:[0.063574] + reg:[0.011112]
(spent time: 1.4890284538269043s)
recall@10:[0.048301], ndcg@10:[0.040156], recall@20:[0.078447], ndcg@20:[0.052724]
(spent time: 10.030268907546997s)
epoch:98, loss:[0.074385] = mf:[0.063230] + reg:[0.011156]
(spent time: 1.4308979511260986s)
recall@10:[0.048772], ndcg@10:[0.040284], recall@20:[0.078501], ndcg@20:[0.052649]
(spent time: 9.697484016418457s)
epoch:99, loss:[0.074350] = mf:[0.063161] + reg:[0.011189]
(spent time: 1.4320189952850342s)
recall@10:[0.048973], ndcg@10:[0.040370], recall@20:[0.078818], ndcg@20:[0.052804]
(spent time: 9.769517183303833s)
epoch:100, loss:[0.073864] = mf:[0.062639] + reg:[0.011225]
(spent time: 1.4078307151794434s)
recall@10:[0.049200], ndcg@10:[0.040631], recall@20:[0.078933], ndcg@20:[0.053026]
(spent time: 6.606616497039795s)
epoch:101, loss:[0.073515] = mf:[0.062252] + reg:[0.011263]
(spent time: 1.5542941093444824s)
recall@10:[0.049365], ndcg@10:[0.040796], recall@20:[0.079644], ndcg@20:[0.053434]
(spent time: 10.174670696258545s)
epoch:102, loss:[0.073067] = mf:[0.061764] + reg:[0.011303]
(spent time: 1.4837424755096436s)
recall@10:[0.049295], ndcg@10:[0.040860], recall@20:[0.080550], ndcg@20:[0.053812]
(spent time: 9.846790552139282s)
epoch:103, loss:[0.072709] = mf:[0.061367] + reg:[0.011342]
(spent time: 1.5696356296539307s)
recall@10:[0.049152], ndcg@10:[0.041100], recall@20:[0.080226], ndcg@20:[0.054030]
(spent time: 10.16695761680603s)
epoch:104, loss:[0.072242] = mf:[0.060863] + reg:[0.011379]
(spent time: 1.5594899654388428s)
recall@10:[0.049683], ndcg@10:[0.041185], recall@20:[0.080955], ndcg@20:[0.054152]
(spent time: 10.195186614990234s)
epoch:105, loss:[0.072548] = mf:[0.061138] + reg:[0.011410]
(spent time: 1.541520357131958s)
recall@10:[0.049786], ndcg@10:[0.041148], recall@20:[0.080448], ndcg@20:[0.053906]
(spent time: 8.014997482299805s)
epoch:106, loss:[0.072377] = mf:[0.060938] + reg:[0.011439]
(spent time: 1.5660603046417236s)
recall@10:[0.049837], ndcg@10:[0.041278], recall@20:[0.080869], ndcg@20:[0.054111]
(spent time: 10.261908769607544s)
epoch:107, loss:[0.070844] = mf:[0.059373] + reg:[0.011472]
(spent time: 1.5407795906066895s)
recall@10:[0.049668], ndcg@10:[0.041356], recall@20:[0.081100], ndcg@20:[0.054423]
(spent time: 10.17290186882019s)
epoch:108, loss:[0.071296] = mf:[0.059790] + reg:[0.011506]
(spent time: 1.4769082069396973s)
recall@10:[0.049895], ndcg@10:[0.041558], recall@20:[0.081181], ndcg@20:[0.054548]
(spent time: 10.211334705352783s)
epoch:109, loss:[0.070708] = mf:[0.059169] + reg:[0.011540]
(spent time: 1.5548882484436035s)
recall@10:[0.050238], ndcg@10:[0.041788], recall@20:[0.081923], ndcg@20:[0.054905]
(spent time: 8.342467784881592s)
epoch:110, loss:[0.070507] = mf:[0.058938] + reg:[0.011569]
(spent time: 1.5646531581878662s)
recall@10:[0.049897], ndcg@10:[0.041729], recall@20:[0.082062], ndcg@20:[0.055101]
(spent time: 10.207964420318604s)
epoch:111, loss:[0.069953] = mf:[0.058352] + reg:[0.011601]
(spent time: 1.4999377727508545s)
recall@10:[0.050310], ndcg@10:[0.041853], recall@20:[0.082257], ndcg@20:[0.055189]
(spent time: 9.902194023132324s)
epoch:112, loss:[0.069873] = mf:[0.058238] + reg:[0.011635]
(spent time: 1.456820011138916s)
recall@10:[0.050947], ndcg@10:[0.042369], recall@20:[0.082219], ndcg@20:[0.055421]
(spent time: 10.204972743988037s)
epoch:113, loss:[0.069654] = mf:[0.057988] + reg:[0.011666]
(spent time: 1.5007855892181396s)
recall@10:[0.051168], ndcg@10:[0.042505], recall@20:[0.082417], ndcg@20:[0.055526]
(spent time: 10.07354736328125s)
epoch:114, loss:[0.068920] = mf:[0.057221] + reg:[0.011699]
(spent time: 1.591249942779541s)
recall@10:[0.050999], ndcg@10:[0.042665], recall@20:[0.082583], ndcg@20:[0.055791]
(spent time: 7.712000846862793s)
epoch:115, loss:[0.068129] = mf:[0.056395] + reg:[0.011734]
(spent time: 1.5337183475494385s)
recall@10:[0.051393], ndcg@10:[0.042935], recall@20:[0.083130], ndcg@20:[0.056091]
(spent time: 9.658412218093872s)
epoch:116, loss:[0.068430] = mf:[0.056657] + reg:[0.011773]
(spent time: 1.5066065788269043s)
recall@10:[0.051505], ndcg@10:[0.043058], recall@20:[0.083130], ndcg@20:[0.056171]
(spent time: 10.193413019180298s)
epoch:117, loss:[0.068178] = mf:[0.056375] + reg:[0.011803]
(spent time: 1.482633113861084s)
recall@10:[0.051306], ndcg@10:[0.043025], recall@20:[0.083292], ndcg@20:[0.056323]
(spent time: 9.646973848342896s)
epoch:118, loss:[0.068362] = mf:[0.056528] + reg:[0.011834]
(spent time: 1.5317094326019287s)
recall@10:[0.051519], ndcg@10:[0.043270], recall@20:[0.084023], ndcg@20:[0.056743]
(spent time: 9.541505813598633s)
epoch:119, loss:[0.067674] = mf:[0.055812] + reg:[0.011862]
(spent time: 1.6426270008087158s)
recall@10:[0.051562], ndcg@10:[0.043545], recall@20:[0.084061], ndcg@20:[0.057027]
(spent time: 9.897350788116455s)
epoch:120, loss:[0.067280] = mf:[0.055388] + reg:[0.011891]
(spent time: 1.4809277057647705s)
recall@10:[0.052026], ndcg@10:[0.043909], recall@20:[0.084207], ndcg@20:[0.057275]
(spent time: 10.058486223220825s)
epoch:121, loss:[0.066736] = mf:[0.054817] + reg:[0.011919]
(spent time: 1.518341064453125s)
recall@10:[0.052448], ndcg@10:[0.043994], recall@20:[0.084303], ndcg@20:[0.057193]
(spent time: 9.787492990493774s)
epoch:122, loss:[0.066783] = mf:[0.054831] + reg:[0.011952]
(spent time: 1.476909875869751s)
recall@10:[0.052737], ndcg@10:[0.044467], recall@20:[0.084607], ndcg@20:[0.057650]
(spent time: 10.047483921051025s)
epoch:123, loss:[0.066672] = mf:[0.054690] + reg:[0.011982]
(spent time: 1.4558024406433105s)
recall@10:[0.052904], ndcg@10:[0.044609], recall@20:[0.085106], ndcg@20:[0.057915]
(spent time: 5.539708137512207s)
epoch:124, loss:[0.065847] = mf:[0.053834] + reg:[0.012013]
(spent time: 1.5011098384857178s)
recall@10:[0.053355], ndcg@10:[0.044754], recall@20:[0.084582], ndcg@20:[0.057705]
(spent time: 10.28235149383545s)
epoch:125, loss:[0.066093] = mf:[0.054051] + reg:[0.012042]
(spent time: 1.5731430053710938s)
recall@10:[0.052976], ndcg@10:[0.044551], recall@20:[0.085295], ndcg@20:[0.058001]
(spent time: 10.280266523361206s)
epoch:126, loss:[0.066240] = mf:[0.054172] + reg:[0.012068]
(spent time: 1.64168381690979s)
recall@10:[0.053050], ndcg@10:[0.044764], recall@20:[0.085974], ndcg@20:[0.058398]
(spent time: 10.3558349609375s)
epoch:127, loss:[0.064862] = mf:[0.052763] + reg:[0.012098]
(spent time: 1.4786341190338135s)
recall@10:[0.053076], ndcg@10:[0.044737], recall@20:[0.085838], ndcg@20:[0.058340]
(spent time: 10.121387958526611s)
epoch:128, loss:[0.064844] = mf:[0.052713] + reg:[0.012130]
(spent time: 1.5524954795837402s)
recall@10:[0.053287], ndcg@10:[0.044877], recall@20:[0.085722], ndcg@20:[0.058327]
(spent time: 4.54388427734375s)
epoch:129, loss:[0.065016] = mf:[0.052857] + reg:[0.012159]
(spent time: 1.5834333896636963s)
recall@10:[0.053324], ndcg@10:[0.045073], recall@20:[0.086625], ndcg@20:[0.058855]
(spent time: 5.010580062866211s)
epoch:130, loss:[0.065089] = mf:[0.052901] + reg:[0.012188]
(spent time: 1.5190200805664062s)
recall@10:[0.053864], ndcg@10:[0.045466], recall@20:[0.086622], ndcg@20:[0.059036]
(spent time: 9.997318267822266s)
epoch:131, loss:[0.064253] = mf:[0.052039] + reg:[0.012214]
(spent time: 1.5108983516693115s)
recall@10:[0.053800], ndcg@10:[0.045286], recall@20:[0.087213], ndcg@20:[0.059080]
(spent time: 10.06609058380127s)
epoch:132, loss:[0.063356] = mf:[0.051111] + reg:[0.012246]
(spent time: 1.48329758644104s)
recall@10:[0.053736], ndcg@10:[0.045293], recall@20:[0.087195], ndcg@20:[0.059097]
(spent time: 10.015641212463379s)
epoch:133, loss:[0.064954] = mf:[0.052677] + reg:[0.012277]
(spent time: 1.4841861724853516s)
recall@10:[0.053888], ndcg@10:[0.045384], recall@20:[0.087056], ndcg@20:[0.059102]
(spent time: 9.99805760383606s)
epoch:134, loss:[0.063630] = mf:[0.051326] + reg:[0.012304]
(spent time: 1.4757366180419922s)
recall@10:[0.054289], ndcg@10:[0.045473], recall@20:[0.087117], ndcg@20:[0.059056]
(spent time: 3.793294906616211s)
epoch:135, loss:[0.063523] = mf:[0.051194] + reg:[0.012329]
(spent time: 1.444655418395996s)
recall@10:[0.054243], ndcg@10:[0.045640], recall@20:[0.087428], ndcg@20:[0.059388]
(spent time: 10.140195846557617s)
epoch:136, loss:[0.063002] = mf:[0.050648] + reg:[0.012353]
(spent time: 1.6712055206298828s)
recall@10:[0.054679], ndcg@10:[0.045925], recall@20:[0.087188], ndcg@20:[0.059445]
(spent time: 9.695237398147583s)
epoch:137, loss:[0.063226] = mf:[0.050848] + reg:[0.012378]
(spent time: 1.6330301761627197s)
recall@10:[0.054580], ndcg@10:[0.046035], recall@20:[0.088016], ndcg@20:[0.059940]
(spent time: 10.252206087112427s)
epoch:138, loss:[0.062428] = mf:[0.050025] + reg:[0.012404]
(spent time: 1.4663410186767578s)
recall@10:[0.054926], ndcg@10:[0.046162], recall@20:[0.087761], ndcg@20:[0.059847]
(spent time: 9.852544069290161s)
epoch:139, loss:[0.062255] = mf:[0.049827] + reg:[0.012428]
(spent time: 1.5810840129852295s)
recall@10:[0.055329], ndcg@10:[0.046332], recall@20:[0.087877], ndcg@20:[0.059910]
(spent time: 8.219263315200806s)
epoch:140, loss:[0.062100] = mf:[0.049640] + reg:[0.012459]
(spent time: 1.4346973896026611s)
recall@10:[0.055346], ndcg@10:[0.046429], recall@20:[0.087891], ndcg@20:[0.059972]
(spent time: 10.0345458984375s)
epoch:141, loss:[0.061793] = mf:[0.049307] + reg:[0.012485]
(spent time: 1.4232394695281982s)
recall@10:[0.055588], ndcg@10:[0.046570], recall@20:[0.087643], ndcg@20:[0.059952]
(spent time: 9.77275538444519s)
epoch:142, loss:[0.061378] = mf:[0.048867] + reg:[0.012512]
(spent time: 1.446420669555664s)
recall@10:[0.055555], ndcg@10:[0.046803], recall@20:[0.088194], ndcg@20:[0.060409]
(spent time: 10.07309079170227s)
epoch:143, loss:[0.061527] = mf:[0.048989] + reg:[0.012537]
(spent time: 1.474501609802246s)
recall@10:[0.055845], ndcg@10:[0.046890], recall@20:[0.088013], ndcg@20:[0.060313]
(spent time: 8.229968070983887s)
epoch:144, loss:[0.062471] = mf:[0.049911] + reg:[0.012561]
(spent time: 1.560936689376831s)
recall@10:[0.055902], ndcg@10:[0.046966], recall@20:[0.088787], ndcg@20:[0.060679]
(spent time: 10.034194231033325s)
epoch:145, loss:[0.061361] = mf:[0.048777] + reg:[0.012584]
(spent time: 1.4971516132354736s)
recall@10:[0.055865], ndcg@10:[0.047077], recall@20:[0.088622], ndcg@20:[0.060760]
(spent time: 9.783366203308105s)
epoch:146, loss:[0.061146] = mf:[0.048540] + reg:[0.012606]
(spent time: 1.4396145343780518s)
recall@10:[0.056506], ndcg@10:[0.047606], recall@20:[0.089314], ndcg@20:[0.061244]
(spent time: 10.174804210662842s)
epoch:147, loss:[0.061239] = mf:[0.048610] + reg:[0.012629]
(spent time: 1.4560987949371338s)
recall@10:[0.056887], ndcg@10:[0.047929], recall@20:[0.089521], ndcg@20:[0.061488]
(spent time: 9.814881801605225s)
epoch:148, loss:[0.060124] = mf:[0.047470] + reg:[0.012653]
(spent time: 1.4848127365112305s)
recall@10:[0.056247], ndcg@10:[0.047628], recall@20:[0.089675], ndcg@20:[0.061533]
(spent time: 7.676308631896973s)
epoch:149, loss:[0.060609] = mf:[0.047931] + reg:[0.012679]
(spent time: 1.5572419166564941s)
recall@10:[0.056594], ndcg@10:[0.047677], recall@20:[0.090145], ndcg@20:[0.061631]
(spent time: 9.7757248878479s)
epoch:150, loss:[0.060069] = mf:[0.047372] + reg:[0.012698]
(spent time: 1.4588313102722168s)
recall@10:[0.056926], ndcg@10:[0.047880], recall@20:[0.090447], ndcg@20:[0.061779]
(spent time: 10.116729736328125s)
epoch:151, loss:[0.060877] = mf:[0.048155] + reg:[0.012722]
(spent time: 1.4626250267028809s)
recall@10:[0.056566], ndcg@10:[0.047822], recall@20:[0.090746], ndcg@20:[0.061984]
(spent time: 9.874505519866943s)
epoch:152, loss:[0.059876] = mf:[0.047139] + reg:[0.012737]
(spent time: 1.4662590026855469s)
recall@10:[0.056819], ndcg@10:[0.047958], recall@20:[0.091404], ndcg@20:[0.062266]
(spent time: 10.041830062866211s)
epoch:153, loss:[0.059286] = mf:[0.046525] + reg:[0.012762]
(spent time: 1.6336555480957031s)
recall@10:[0.056875], ndcg@10:[0.047931], recall@20:[0.090894], ndcg@20:[0.062019]
(spent time: 9.897528409957886s)
epoch:154, loss:[0.059088] = mf:[0.046302] + reg:[0.012786]
(spent time: 1.4020142555236816s)
recall@10:[0.057143], ndcg@10:[0.048134], recall@20:[0.091501], ndcg@20:[0.062333]
(spent time: 10.205651760101318s)
epoch:155, loss:[0.059153] = mf:[0.046342] + reg:[0.012811]
(spent time: 1.4940059185028076s)
recall@10:[0.057399], ndcg@10:[0.048294], recall@20:[0.091374], ndcg@20:[0.062380]
(spent time: 9.784383296966553s)
epoch:156, loss:[0.059164] = mf:[0.046327] + reg:[0.012837]
(spent time: 1.4925806522369385s)
recall@10:[0.057362], ndcg@10:[0.047971], recall@20:[0.091173], ndcg@20:[0.062021]
(spent time: 10.099598169326782s)
epoch:157, loss:[0.058812] = mf:[0.045953] + reg:[0.012859]
(spent time: 1.509592056274414s)
recall@10:[0.057459], ndcg@10:[0.048155], recall@20:[0.091567], ndcg@20:[0.062270]
(spent time: 6.518680095672607s)
epoch:158, loss:[0.058624] = mf:[0.045742] + reg:[0.012882]
(spent time: 1.46822190284729s)
recall@10:[0.058071], ndcg@10:[0.048513], recall@20:[0.092016], ndcg@20:[0.062560]
(spent time: 10.270198822021484s)
epoch:159, loss:[0.058477] = mf:[0.045574] + reg:[0.012904]
(spent time: 1.5348963737487793s)
recall@10:[0.058033], ndcg@10:[0.048338], recall@20:[0.091614], ndcg@20:[0.062282]
(spent time: 9.980774879455566s)
epoch:160, loss:[0.058278] = mf:[0.045348] + reg:[0.012929]
(spent time: 1.550835371017456s)
recall@10:[0.057970], ndcg@10:[0.048389], recall@20:[0.091997], ndcg@20:[0.062473]
(spent time: 10.150918960571289s)
epoch:161, loss:[0.057554] = mf:[0.044602] + reg:[0.012952]
(spent time: 1.4929862022399902s)
recall@10:[0.057873], ndcg@10:[0.048417], recall@20:[0.091657], ndcg@20:[0.062419]
(spent time: 9.929072618484497s)
epoch:162, loss:[0.057558] = mf:[0.044584] + reg:[0.012974]
(spent time: 1.6445701122283936s)
recall@10:[0.057640], ndcg@10:[0.048330], recall@20:[0.092060], ndcg@20:[0.062610]
(spent time: 9.21850037574768s)
epoch:163, loss:[0.057218] = mf:[0.044221] + reg:[0.012997]
(spent time: 1.5184144973754883s)
recall@10:[0.057968], ndcg@10:[0.048526], recall@20:[0.092443], ndcg@20:[0.062765]
(spent time: 10.064286708831787s)
epoch:164, loss:[0.057747] = mf:[0.044728] + reg:[0.013019]
(spent time: 1.4450175762176514s)
recall@10:[0.057638], ndcg@10:[0.048445], recall@20:[0.092257], ndcg@20:[0.062795]
(spent time: 9.616964101791382s)
epoch:165, loss:[0.057596] = mf:[0.044556] + reg:[0.013040]
(spent time: 1.3982996940612793s)
recall@10:[0.057592], ndcg@10:[0.048396], recall@20:[0.092154], ndcg@20:[0.062731]
(spent time: 9.986376285552979s)
epoch:166, loss:[0.057393] = mf:[0.044331] + reg:[0.013063]
(spent time: 1.4471008777618408s)
recall@10:[0.057123], ndcg@10:[0.048176], recall@20:[0.092428], ndcg@20:[0.062831]
(spent time: 7.402426719665527s)
epoch:167, loss:[0.056593] = mf:[0.043510] + reg:[0.013083]
(spent time: 1.4188976287841797s)
recall@10:[0.057789], ndcg@10:[0.048608], recall@20:[0.092636], ndcg@20:[0.063006]
(spent time: 9.94378662109375s)
epoch:168, loss:[0.057176] = mf:[0.044073] + reg:[0.013102]
(spent time: 1.4410676956176758s)
recall@10:[0.058107], ndcg@10:[0.048800], recall@20:[0.092453], ndcg@20:[0.062981]
(spent time: 9.687013149261475s)
epoch:169, loss:[0.056329] = mf:[0.043205] + reg:[0.013124]
(spent time: 1.4209439754486084s)
recall@10:[0.058154], ndcg@10:[0.048792], recall@20:[0.092630], ndcg@20:[0.063097]
(spent time: 10.080607891082764s)
epoch:170, loss:[0.056470] = mf:[0.043325] + reg:[0.013145]
(spent time: 1.3782131671905518s)
recall@10:[0.058744], ndcg@10:[0.049188], recall@20:[0.092669], ndcg@20:[0.063226]
(spent time: 9.853778600692749s)
epoch:171, loss:[0.056341] = mf:[0.043176] + reg:[0.013165]
(spent time: 1.4873242378234863s)
recall@10:[0.058477], ndcg@10:[0.049023], recall@20:[0.093212], ndcg@20:[0.063447]
(spent time: 6.718808650970459s)
epoch:172, loss:[0.056301] = mf:[0.043113] + reg:[0.013188]
(spent time: 1.3903915882110596s)
recall@10:[0.058898], ndcg@10:[0.049163], recall@20:[0.092693], ndcg@20:[0.063241]
(spent time: 9.920968294143677s)
epoch:173, loss:[0.056049] = mf:[0.042841] + reg:[0.013208]
(spent time: 1.4450011253356934s)
recall@10:[0.058429], ndcg@10:[0.049091], recall@20:[0.093023], ndcg@20:[0.063533]
(spent time: 9.877511024475098s)
epoch:174, loss:[0.056091] = mf:[0.042858] + reg:[0.013233]
(spent time: 1.3944520950317383s)
recall@10:[0.058615], ndcg@10:[0.048999], recall@20:[0.092943], ndcg@20:[0.063266]
(spent time: 9.870500087738037s)
epoch:175, loss:[0.055276] = mf:[0.042025] + reg:[0.013251]
(spent time: 1.4227778911590576s)
recall@10:[0.059008], ndcg@10:[0.049294], recall@20:[0.093291], ndcg@20:[0.063601]
(spent time: 9.571883916854858s)
epoch:176, loss:[0.055420] = mf:[0.042144] + reg:[0.013276]
(spent time: 1.5473575592041016s)
recall@10:[0.059298], ndcg@10:[0.049369], recall@20:[0.093046], ndcg@20:[0.063455]
(spent time: 9.413517236709595s)
epoch:177, loss:[0.055416] = mf:[0.042121] + reg:[0.013296]
(spent time: 1.4613020420074463s)
recall@10:[0.059130], ndcg@10:[0.049476], recall@20:[0.093645], ndcg@20:[0.063874]
(spent time: 9.492347002029419s)
epoch:178, loss:[0.055459] = mf:[0.042146] + reg:[0.013313]
(spent time: 1.401822805404663s)
recall@10:[0.059249], ndcg@10:[0.049553], recall@20:[0.093638], ndcg@20:[0.063898]
(spent time: 10.052919149398804s)
epoch:179, loss:[0.055149] = mf:[0.041817] + reg:[0.013332]
(spent time: 1.4525666236877441s)
recall@10:[0.059562], ndcg@10:[0.049628], recall@20:[0.093625], ndcg@20:[0.063876]
(spent time: 9.233200073242188s)
epoch:180, loss:[0.054863] = mf:[0.041514] + reg:[0.013349]
(spent time: 1.3879129886627197s)
recall@10:[0.059083], ndcg@10:[0.049509], recall@20:[0.093885], ndcg@20:[0.064098]
(spent time: 7.649684429168701s)
epoch:181, loss:[0.054422] = mf:[0.041054] + reg:[0.013368]
(spent time: 1.4370570182800293s)
recall@10:[0.058726], ndcg@10:[0.049392], recall@20:[0.093784], ndcg@20:[0.064031]
(spent time: 9.781420469284058s)
epoch:182, loss:[0.054158] = mf:[0.040774] + reg:[0.013383]
(spent time: 1.5032508373260498s)
recall@10:[0.058833], ndcg@10:[0.049415], recall@20:[0.093902], ndcg@20:[0.063995]
(spent time: 9.932713747024536s)
epoch:183, loss:[0.054299] = mf:[0.040896] + reg:[0.013403]
(spent time: 1.446302890777588s)
recall@10:[0.059661], ndcg@10:[0.049856], recall@20:[0.094270], ndcg@20:[0.064225]
(spent time: 9.630869626998901s)
epoch:184, loss:[0.054317] = mf:[0.040893] + reg:[0.013423]
(spent time: 1.4408965110778809s)
recall@10:[0.059660], ndcg@10:[0.049838], recall@20:[0.094624], ndcg@20:[0.064359]
(spent time: 9.973334312438965s)
epoch:185, loss:[0.054110] = mf:[0.040669] + reg:[0.013441]
(spent time: 1.480703353881836s)
recall@10:[0.059925], ndcg@10:[0.049984], recall@20:[0.094991], ndcg@20:[0.064523]
(spent time: 6.703118324279785s)
epoch:186, loss:[0.053670] = mf:[0.040210] + reg:[0.013460]
(spent time: 1.5011394023895264s)
recall@10:[0.059673], ndcg@10:[0.049999], recall@20:[0.095157], ndcg@20:[0.064717]
(spent time: 9.874240636825562s)
epoch:187, loss:[0.053669] = mf:[0.040189] + reg:[0.013481]
(spent time: 1.3657183647155762s)
recall@10:[0.059873], ndcg@10:[0.050155], recall@20:[0.095594], ndcg@20:[0.064966]
(spent time: 10.086216449737549s)
epoch:188, loss:[0.053356] = mf:[0.039855] + reg:[0.013501]
(spent time: 1.5249052047729492s)
recall@10:[0.059682], ndcg@10:[0.050287], recall@20:[0.095666], ndcg@20:[0.065208]
(spent time: 9.733411312103271s)
epoch:189, loss:[0.053090] = mf:[0.039571] + reg:[0.013519]
(spent time: 1.4026005268096924s)
recall@10:[0.059950], ndcg@10:[0.050464], recall@20:[0.095243], ndcg@20:[0.065145]
(spent time: 9.993702411651611s)
epoch:190, loss:[0.052962] = mf:[0.039424] + reg:[0.013538]
(spent time: 1.612391471862793s)
recall@10:[0.059932], ndcg@10:[0.050519], recall@20:[0.095366], ndcg@20:[0.065272]
(spent time: 7.908907413482666s)
epoch:191, loss:[0.053613] = mf:[0.040057] + reg:[0.013556]
(spent time: 1.4951372146606445s)
recall@10:[0.060091], ndcg@10:[0.050729], recall@20:[0.095893], ndcg@20:[0.065573]
(spent time: 9.781065940856934s)
epoch:192, loss:[0.052905] = mf:[0.039336] + reg:[0.013569]
(spent time: 1.3768620491027832s)
recall@10:[0.059783], ndcg@10:[0.050721], recall@20:[0.095298], ndcg@20:[0.065510]
(spent time: 9.596044778823853s)
epoch:193, loss:[0.052484] = mf:[0.038894] + reg:[0.013590]
(spent time: 1.4601898193359375s)
recall@10:[0.060204], ndcg@10:[0.050874], recall@20:[0.095548], ndcg@20:[0.065563]
(spent time: 10.023638486862183s)
epoch:194, loss:[0.052604] = mf:[0.038992] + reg:[0.013612]
(spent time: 1.4423561096191406s)
recall@10:[0.059675], ndcg@10:[0.050518], recall@20:[0.094844], ndcg@20:[0.065217]
(spent time: 7.79517388343811s)
epoch:195, loss:[0.053232] = mf:[0.039601] + reg:[0.013631]
(spent time: 1.4824728965759277s)
recall@10:[0.059897], ndcg@10:[0.050471], recall@20:[0.094932], ndcg@20:[0.065091]
(spent time: 9.993257522583008s)
epoch:196, loss:[0.053024] = mf:[0.039382] + reg:[0.013642]
(spent time: 1.4737181663513184s)
recall@10:[0.060403], ndcg@10:[0.050665], recall@20:[0.095538], ndcg@20:[0.065337]
(spent time: 10.117926359176636s)
epoch:197, loss:[0.052592] = mf:[0.038936] + reg:[0.013656]
(spent time: 1.575864553451538s)
recall@10:[0.060201], ndcg@10:[0.050833], recall@20:[0.095146], ndcg@20:[0.065381]
(spent time: 10.226592779159546s)
epoch:198, loss:[0.052488] = mf:[0.038814] + reg:[0.013675]
(spent time: 1.4897334575653076s)
recall@10:[0.060929], ndcg@10:[0.051178], recall@20:[0.096192], ndcg@20:[0.065786]
(spent time: 10.259478092193604s)
epoch:199, loss:[0.052403] = mf:[0.038712] + reg:[0.013691]
(spent time: 1.5300042629241943s)
recall@10:[0.060834], ndcg@10:[0.051116], recall@20:[0.096167], ndcg@20:[0.065795]
(spent time: 4.4433088302612305s)
epoch:200, loss:[0.051928] = mf:[0.038219] + reg:[0.013709]
(spent time: 1.5233168601989746s)
recall@10:[0.061245], ndcg@10:[0.051342], recall@20:[0.096057], ndcg@20:[0.065829]
(spent time: 9.908469915390015s)
epoch:201, loss:[0.051626] = mf:[0.037896] + reg:[0.013729]
(spent time: 1.3566081523895264s)
recall@10:[0.061166], ndcg@10:[0.051350], recall@20:[0.096666], ndcg@20:[0.066114]
(spent time: 9.501350164413452s)
epoch:202, loss:[0.051993] = mf:[0.038245] + reg:[0.013748]
(spent time: 1.5086114406585693s)
recall@10:[0.061322], ndcg@10:[0.051482], recall@20:[0.096513], ndcg@20:[0.066118]
(spent time: 10.070882797241211s)
epoch:203, loss:[0.051495] = mf:[0.037732] + reg:[0.013763]
(spent time: 1.457627534866333s)
recall@10:[0.061157], ndcg@10:[0.051441], recall@20:[0.097328], ndcg@20:[0.066416]
(spent time: 9.926862001419067s)
epoch:204, loss:[0.051504] = mf:[0.037721] + reg:[0.013783]
(spent time: 1.4367778301239014s)
recall@10:[0.061584], ndcg@10:[0.051645], recall@20:[0.096896], ndcg@20:[0.066321]
(spent time: 7.427515506744385s)
epoch:205, loss:[0.050857] = mf:[0.037054] + reg:[0.013803]
(spent time: 1.464433193206787s)
recall@10:[0.061908], ndcg@10:[0.051793], recall@20:[0.096719], ndcg@20:[0.066221]
(spent time: 10.048115015029907s)
epoch:206, loss:[0.051476] = mf:[0.037661] + reg:[0.013815]
(spent time: 1.47672438621521s)
recall@10:[0.061946], ndcg@10:[0.051679], recall@20:[0.096259], ndcg@20:[0.065932]
(spent time: 9.673312902450562s)
epoch:207, loss:[0.051643] = mf:[0.037815] + reg:[0.013829]
(spent time: 1.4183547496795654s)
recall@10:[0.061634], ndcg@10:[0.051483], recall@20:[0.097107], ndcg@20:[0.066180]
(spent time: 10.006672143936157s)
epoch:208, loss:[0.051138] = mf:[0.037297] + reg:[0.013841]
(spent time: 1.4585602283477783s)
recall@10:[0.061362], ndcg@10:[0.051539], recall@20:[0.096745], ndcg@20:[0.066200]
(spent time: 8.844318866729736s)
epoch:209, loss:[0.051372] = mf:[0.037517] + reg:[0.013856]
(spent time: 1.5143587589263916s)
recall@10:[0.061561], ndcg@10:[0.051843], recall@20:[0.097162], ndcg@20:[0.066595]
(spent time: 9.976986169815063s)
epoch:210, loss:[0.050738] = mf:[0.036865] + reg:[0.013873]
(spent time: 1.4613287448883057s)
recall@10:[0.062201], ndcg@10:[0.051911], recall@20:[0.097533], ndcg@20:[0.066500]
(spent time: 9.271549463272095s)
epoch:211, loss:[0.050083] = mf:[0.036191] + reg:[0.013892]
(spent time: 1.4019815921783447s)
recall@10:[0.062239], ndcg@10:[0.051988], recall@20:[0.097557], ndcg@20:[0.066550]
(spent time: 9.986700057983398s)
epoch:212, loss:[0.050996] = mf:[0.037084] + reg:[0.013912]
(spent time: 1.437157154083252s)
recall@10:[0.062233], ndcg@10:[0.052056], recall@20:[0.098267], ndcg@20:[0.066910]
(spent time: 9.47195291519165s)
epoch:213, loss:[0.050306] = mf:[0.036381] + reg:[0.013925]
(spent time: 1.512679100036621s)
recall@10:[0.062291], ndcg@10:[0.052010], recall@20:[0.098016], ndcg@20:[0.066789]
(spent time: 7.596024513244629s)
epoch:214, loss:[0.050133] = mf:[0.036192] + reg:[0.013941]
(spent time: 1.4693388938903809s)
recall@10:[0.062393], ndcg@10:[0.052066], recall@20:[0.097955], ndcg@20:[0.066810]
(spent time: 9.614735841751099s)
epoch:215, loss:[0.050695] = mf:[0.036735] + reg:[0.013959]
(spent time: 1.3941617012023926s)
recall@10:[0.062331], ndcg@10:[0.052102], recall@20:[0.098868], ndcg@20:[0.067185]
(spent time: 10.037263631820679s)
epoch:216, loss:[0.049942] = mf:[0.035967] + reg:[0.013974]
(spent time: 1.5515656471252441s)
recall@10:[0.062178], ndcg@10:[0.052047], recall@20:[0.098455], ndcg@20:[0.067047]
(spent time: 9.803385972976685s)
epoch:217, loss:[0.049869] = mf:[0.035880] + reg:[0.013990]
(spent time: 1.4558720588684082s)
recall@10:[0.061918], ndcg@10:[0.052011], recall@20:[0.097774], ndcg@20:[0.066883]
(spent time: 10.02866530418396s)
epoch:218, loss:[0.049679] = mf:[0.035676] + reg:[0.014003]
(spent time: 1.520097017288208s)
recall@10:[0.061875], ndcg@10:[0.051880], recall@20:[0.098269], ndcg@20:[0.066940]
(spent time: 7.565770626068115s)
epoch:219, loss:[0.050011] = mf:[0.035991] + reg:[0.014020]
(spent time: 1.4423797130584717s)
recall@10:[0.061909], ndcg@10:[0.051844], recall@20:[0.098147], ndcg@20:[0.066827]
(spent time: 10.00164008140564s)
epoch:220, loss:[0.049791] = mf:[0.035760] + reg:[0.014031]
(spent time: 1.3982956409454346s)
recall@10:[0.061935], ndcg@10:[0.051872], recall@20:[0.098130], ndcg@20:[0.066912]
(spent time: 9.833406925201416s)
epoch:221, loss:[0.049543] = mf:[0.035497] + reg:[0.014046]
(spent time: 1.41339111328125s)
recall@10:[0.061562], ndcg@10:[0.051785], recall@20:[0.098515], ndcg@20:[0.067119]
(spent time: 9.752443790435791s)
epoch:222, loss:[0.049866] = mf:[0.035805] + reg:[0.014061]
(spent time: 1.4671878814697266s)
recall@10:[0.061848], ndcg@10:[0.051918], recall@20:[0.099130], ndcg@20:[0.067378]
(spent time: 9.183483123779297s)
epoch:223, loss:[0.049457] = mf:[0.035379] + reg:[0.014078]
(spent time: 1.4822204113006592s)
recall@10:[0.061981], ndcg@10:[0.052040], recall@20:[0.098252], ndcg@20:[0.067110]
(spent time: 9.559671640396118s)
epoch:224, loss:[0.048871] = mf:[0.034774] + reg:[0.014097]
(spent time: 1.4196195602416992s)
recall@10:[0.062681], ndcg@10:[0.052456], recall@20:[0.098546], ndcg@20:[0.067325]
(spent time: 9.942925453186035s)
epoch:225, loss:[0.049323] = mf:[0.035213] + reg:[0.014110]
(spent time: 1.495610237121582s)
recall@10:[0.062022], ndcg@10:[0.051947], recall@20:[0.098936], ndcg@20:[0.067278]
(spent time: 9.757393598556519s)
epoch:226, loss:[0.049356] = mf:[0.035233] + reg:[0.014123]
(spent time: 1.409909725189209s)
recall@10:[0.062564], ndcg@10:[0.052300], recall@20:[0.099085], ndcg@20:[0.067448]
(spent time: 9.86816692352295s)
epoch:227, loss:[0.048913] = mf:[0.034777] + reg:[0.014135]
(spent time: 1.388105869293213s)
recall@10:[0.062299], ndcg@10:[0.052200], recall@20:[0.099124], ndcg@20:[0.067483]
(spent time: 6.055981874465942s)
epoch:228, loss:[0.048698] = mf:[0.034546] + reg:[0.014151]
(spent time: 1.4714195728302002s)
recall@10:[0.062176], ndcg@10:[0.052183], recall@20:[0.098853], ndcg@20:[0.067427]
(spent time: 10.204136610031128s)
epoch:229, loss:[0.048653] = mf:[0.034487] + reg:[0.014166]
(spent time: 1.5216176509857178s)
recall@10:[0.062266], ndcg@10:[0.052103], recall@20:[0.099440], ndcg@20:[0.067537]
(spent time: 10.069879293441772s)
epoch:230, loss:[0.048238] = mf:[0.034057] + reg:[0.014182]
(spent time: 1.6111009120941162s)
recall@10:[0.062608], ndcg@10:[0.052522], recall@20:[0.099099], ndcg@20:[0.067655]
(spent time: 10.201142311096191s)
epoch:231, loss:[0.048564] = mf:[0.034366] + reg:[0.014198]
(spent time: 1.5059051513671875s)
recall@10:[0.062360], ndcg@10:[0.052273], recall@20:[0.100173], ndcg@20:[0.067911]
(spent time: 10.213332653045654s)
epoch:232, loss:[0.048401] = mf:[0.034194] + reg:[0.014207]
(spent time: 1.5061016082763672s)
recall@10:[0.062006], ndcg@10:[0.052119], recall@20:[0.100185], ndcg@20:[0.067928]
(spent time: 6.374364614486694s)
epoch:233, loss:[0.048428] = mf:[0.034204] + reg:[0.014224]
(spent time: 1.3714885711669922s)
recall@10:[0.062253], ndcg@10:[0.052195], recall@20:[0.099680], ndcg@20:[0.067676]
(spent time: 9.885539293289185s)
epoch:234, loss:[0.048768] = mf:[0.034525] + reg:[0.014243]
(spent time: 1.4293437004089355s)
recall@10:[0.062283], ndcg@10:[0.052202], recall@20:[0.100058], ndcg@20:[0.067782]
(spent time: 9.244389533996582s)
epoch:235, loss:[0.048117] = mf:[0.033863] + reg:[0.014254]
(spent time: 1.4573462009429932s)
recall@10:[0.062545], ndcg@10:[0.052464], recall@20:[0.099621], ndcg@20:[0.067790]
(spent time: 10.003542423248291s)
epoch:236, loss:[0.047930] = mf:[0.033664] + reg:[0.014266]
(spent time: 1.4028217792510986s)
recall@10:[0.062185], ndcg@10:[0.052331], recall@20:[0.099803], ndcg@20:[0.067922]
(spent time: 9.57436227798462s)
epoch:237, loss:[0.047884] = mf:[0.033603] + reg:[0.014281]
(spent time: 1.7071833610534668s)
recall@10:[0.062477], ndcg@10:[0.052550], recall@20:[0.099850], ndcg@20:[0.068027]
(spent time: 9.6519935131073s)
epoch:238, loss:[0.048131] = mf:[0.033837] + reg:[0.014295]
(spent time: 1.5090036392211914s)
recall@10:[0.062110], ndcg@10:[0.052347], recall@20:[0.100217], ndcg@20:[0.068135]
(spent time: 9.664825677871704s)
epoch:239, loss:[0.047462] = mf:[0.033153] + reg:[0.014309]
(spent time: 1.438011646270752s)
recall@10:[0.062936], ndcg@10:[0.052714], recall@20:[0.100394], ndcg@20:[0.068241]
(spent time: 9.97068452835083s)
epoch:240, loss:[0.047210] = mf:[0.032887] + reg:[0.014323]
(spent time: 1.3846538066864014s)
recall@10:[0.063011], ndcg@10:[0.052772], recall@20:[0.100626], ndcg@20:[0.068369]
(spent time: 9.924393653869629s)
epoch:241, loss:[0.047467] = mf:[0.033128] + reg:[0.014339]
(spent time: 1.4173328876495361s)
recall@10:[0.063161], ndcg@10:[0.052942], recall@20:[0.100521], ndcg@20:[0.068436]
(spent time: 7.788686275482178s)
epoch:242, loss:[0.047382] = mf:[0.033030] + reg:[0.014352]
(spent time: 1.402766466140747s)
recall@10:[0.063225], ndcg@10:[0.053106], recall@20:[0.100655], ndcg@20:[0.068619]
(spent time: 10.090656280517578s)
epoch:243, loss:[0.047370] = mf:[0.033006] + reg:[0.014364]
(spent time: 1.3896563053131104s)
recall@10:[0.062812], ndcg@10:[0.052995], recall@20:[0.100964], ndcg@20:[0.068745]
(spent time: 9.776710271835327s)
epoch:244, loss:[0.047418] = mf:[0.033039] + reg:[0.014378]
(spent time: 1.479504108428955s)
recall@10:[0.062865], ndcg@10:[0.052960], recall@20:[0.100523], ndcg@20:[0.068592]
(spent time: 10.002028226852417s)
epoch:245, loss:[0.047329] = mf:[0.032939] + reg:[0.014390]
(spent time: 1.4694185256958008s)
recall@10:[0.063097], ndcg@10:[0.053094], recall@20:[0.100305], ndcg@20:[0.068564]
(spent time: 9.597657203674316s)
epoch:246, loss:[0.046503] = mf:[0.032098] + reg:[0.014404]
(spent time: 1.578676700592041s)
recall@10:[0.063379], ndcg@10:[0.053184], recall@20:[0.101279], ndcg@20:[0.068883]
(spent time: 7.88664436340332s)
epoch:247, loss:[0.046601] = mf:[0.032177] + reg:[0.014424]
(spent time: 1.5158727169036865s)
recall@10:[0.063230], ndcg@10:[0.053369], recall@20:[0.100952], ndcg@20:[0.069074]
(spent time: 9.61814546585083s)
epoch:248, loss:[0.046607] = mf:[0.032167] + reg:[0.014440]
(spent time: 1.4709620475769043s)
recall@10:[0.063632], ndcg@10:[0.053375], recall@20:[0.100907], ndcg@20:[0.068897]
(spent time: 9.91909909248352s)
epoch:249, loss:[0.046752] = mf:[0.032298] + reg:[0.014454]
(spent time: 1.4689595699310303s)
recall@10:[0.062628], ndcg@10:[0.052888], recall@20:[0.100685], ndcg@20:[0.068746]
(spent time: 9.68284296989441s)
epoch:250, loss:[0.046762] = mf:[0.032298] + reg:[0.014465]
(spent time: 1.4805238246917725s)
recall@10:[0.063698], ndcg@10:[0.053237], recall@20:[0.100920], ndcg@20:[0.068739]
(spent time: 8.925394296646118s)
epoch:251, loss:[0.046989] = mf:[0.032511] + reg:[0.014478]
(spent time: 1.4426243305206299s)
recall@10:[0.063750], ndcg@10:[0.053394], recall@20:[0.100844], ndcg@20:[0.068847]
(spent time: 9.404722213745117s)
epoch:252, loss:[0.046181] = mf:[0.031687] + reg:[0.014494]
(spent time: 1.3823316097259521s)
recall@10:[0.063560], ndcg@10:[0.053152], recall@20:[0.100083], ndcg@20:[0.068408]
(spent time: 9.858708620071411s)
epoch:253, loss:[0.046199] = mf:[0.031691] + reg:[0.014508]
(spent time: 1.4711062908172607s)
recall@10:[0.063837], ndcg@10:[0.053233], recall@20:[0.100564], ndcg@20:[0.068573]
(spent time: 9.553509950637817s)
epoch:254, loss:[0.046234] = mf:[0.031715] + reg:[0.014519]
(spent time: 1.4572358131408691s)
recall@10:[0.063520], ndcg@10:[0.053199], recall@20:[0.101232], ndcg@20:[0.068887]
(spent time: 9.96418571472168s)
epoch:255, loss:[0.046223] = mf:[0.031690] + reg:[0.014534]
(spent time: 1.4827256202697754s)
recall@10:[0.063604], ndcg@10:[0.053446], recall@20:[0.101377], ndcg@20:[0.069125]
(spent time: 7.7958221435546875s)
epoch:256, loss:[0.046202] = mf:[0.031660] + reg:[0.014543]
(spent time: 1.5746583938598633s)
recall@10:[0.063288], ndcg@10:[0.053350], recall@20:[0.101009], ndcg@20:[0.069035]
(spent time: 9.923820972442627s)
epoch:257, loss:[0.045505] = mf:[0.030947] + reg:[0.014558]
(spent time: 1.506239414215088s)
recall@10:[0.063279], ndcg@10:[0.053334], recall@20:[0.101053], ndcg@20:[0.069087]
(spent time: 9.927123308181763s)
epoch:258, loss:[0.045766] = mf:[0.031190] + reg:[0.014577]
(spent time: 1.4320144653320312s)
recall@10:[0.063137], ndcg@10:[0.053113], recall@20:[0.101799], ndcg@20:[0.069140]
(spent time: 9.246084451675415s)
epoch:259, loss:[0.045602] = mf:[0.031013] + reg:[0.014589]
(spent time: 1.3930671215057373s)
recall@10:[0.063436], ndcg@10:[0.053404], recall@20:[0.101246], ndcg@20:[0.069094]
(spent time: 9.881031513214111s)
epoch:260, loss:[0.045468] = mf:[0.030867] + reg:[0.014601]
(spent time: 1.483307123184204s)
recall@10:[0.063510], ndcg@10:[0.053423], recall@20:[0.101734], ndcg@20:[0.069340]
(spent time: 6.351149797439575s)
epoch:261, loss:[0.045630] = mf:[0.031013] + reg:[0.014617]
(spent time: 1.431187391281128s)
recall@10:[0.063332], ndcg@10:[0.053457], recall@20:[0.102041], ndcg@20:[0.069533]
(spent time: 9.973420858383179s)
epoch:262, loss:[0.046225] = mf:[0.031598] + reg:[0.014627]
(spent time: 1.4819636344909668s)
recall@10:[0.063492], ndcg@10:[0.053681], recall@20:[0.101929], ndcg@20:[0.069601]
(spent time: 9.548075437545776s)
epoch:263, loss:[0.045490] = mf:[0.030854] + reg:[0.014636]
(spent time: 1.4317212104797363s)
recall@10:[0.063432], ndcg@10:[0.053558], recall@20:[0.101805], ndcg@20:[0.069486]
(spent time: 9.989139556884766s)
epoch:264, loss:[0.045311] = mf:[0.030664] + reg:[0.014648]
(spent time: 1.42948317527771s)
recall@10:[0.063221], ndcg@10:[0.053341], recall@20:[0.102359], ndcg@20:[0.069587]
(spent time: 9.425233840942383s)
epoch:265, loss:[0.045409] = mf:[0.030748] + reg:[0.014660]
(spent time: 1.6679975986480713s)
recall@10:[0.063143], ndcg@10:[0.053427], recall@20:[0.102649], ndcg@20:[0.069835]
(spent time: 10.070188522338867s)
epoch:266, loss:[0.045139] = mf:[0.030464] + reg:[0.014674]
(spent time: 1.4878838062286377s)
recall@10:[0.063751], ndcg@10:[0.053945], recall@20:[0.102380], ndcg@20:[0.069966]
(spent time: 9.924546957015991s)
epoch:267, loss:[0.044532] = mf:[0.029845] + reg:[0.014687]
(spent time: 1.5129411220550537s)
recall@10:[0.063267], ndcg@10:[0.053660], recall@20:[0.102524], ndcg@20:[0.069929]
(spent time: 9.877179145812988s)
epoch:268, loss:[0.045566] = mf:[0.030866] + reg:[0.014699]
(spent time: 1.4583675861358643s)
recall@10:[0.064265], ndcg@10:[0.054178], recall@20:[0.102511], ndcg@20:[0.070042]
(spent time: 9.917799234390259s)
epoch:269, loss:[0.045321] = mf:[0.030613] + reg:[0.014708]
(spent time: 1.366389274597168s)
recall@10:[0.064385], ndcg@10:[0.054241], recall@20:[0.103501], ndcg@20:[0.070408]
(spent time: 6.9588706493377686s)
epoch:270, loss:[0.044593] = mf:[0.029876] + reg:[0.014717]
(spent time: 1.3868536949157715s)
recall@10:[0.064040], ndcg@10:[0.054076], recall@20:[0.103581], ndcg@20:[0.070423]
(spent time: 10.000609397888184s)
epoch:271, loss:[0.045155] = mf:[0.030427] + reg:[0.014728]
(spent time: 1.4204111099243164s)
recall@10:[0.064392], ndcg@10:[0.054481], recall@20:[0.103831], ndcg@20:[0.070748]
(spent time: 9.511125802993774s)
epoch:272, loss:[0.044838] = mf:[0.030098] + reg:[0.014740]
(spent time: 1.4159629344940186s)
recall@10:[0.063544], ndcg@10:[0.053851], recall@20:[0.103375], ndcg@20:[0.070326]
(spent time: 9.979858160018921s)
epoch:273, loss:[0.044435] = mf:[0.029684] + reg:[0.014751]
(spent time: 1.4303011894226074s)
recall@10:[0.063519], ndcg@10:[0.053896], recall@20:[0.103270], ndcg@20:[0.070350]
(spent time: 9.65015459060669s)
epoch:274, loss:[0.044537] = mf:[0.029773] + reg:[0.014765]
(spent time: 1.3846826553344727s)
recall@10:[0.063992], ndcg@10:[0.054085], recall@20:[0.102733], ndcg@20:[0.070171]
(spent time: 6.7811291217803955s)
epoch:275, loss:[0.044485] = mf:[0.029707] + reg:[0.014778]
(spent time: 1.3807096481323242s)
recall@10:[0.064017], ndcg@10:[0.053996], recall@20:[0.103157], ndcg@20:[0.070221]
(spent time: 9.688735961914062s)
epoch:276, loss:[0.044385] = mf:[0.029594] + reg:[0.014791]
(spent time: 1.4091989994049072s)
recall@10:[0.064422], ndcg@10:[0.054357], recall@20:[0.103323], ndcg@20:[0.070473]
(spent time: 9.942658424377441s)
epoch:277, loss:[0.044700] = mf:[0.029902] + reg:[0.014798]
(spent time: 1.415536880493164s)
recall@10:[0.064701], ndcg@10:[0.054250], recall@20:[0.103379], ndcg@20:[0.070306]
(spent time: 9.9902925491333s)
epoch:278, loss:[0.044130] = mf:[0.029320] + reg:[0.014809]
(spent time: 1.488610029220581s)
recall@10:[0.064349], ndcg@10:[0.054251], recall@20:[0.103977], ndcg@20:[0.070719]
(spent time: 9.635810852050781s)
epoch:279, loss:[0.044412] = mf:[0.029591] + reg:[0.014821]
(spent time: 1.5205738544464111s)
recall@10:[0.064312], ndcg@10:[0.054241], recall@20:[0.104469], ndcg@20:[0.070867]
(spent time: 9.061302900314331s)
epoch:280, loss:[0.044433] = mf:[0.029602] + reg:[0.014831]
(spent time: 1.4809386730194092s)
recall@10:[0.064456], ndcg@10:[0.054502], recall@20:[0.104395], ndcg@20:[0.070957]
(spent time: 9.944542646408081s)
epoch:281, loss:[0.043886] = mf:[0.029040] + reg:[0.014846]
(spent time: 1.5123095512390137s)
recall@10:[0.064238], ndcg@10:[0.054337], recall@20:[0.104381], ndcg@20:[0.070904]
(spent time: 9.980695009231567s)
epoch:282, loss:[0.043805] = mf:[0.028944] + reg:[0.014861]
(spent time: 1.4556913375854492s)
recall@10:[0.064470], ndcg@10:[0.054430], recall@20:[0.104141], ndcg@20:[0.070804]
(spent time: 9.525362968444824s)
epoch:283, loss:[0.043965] = mf:[0.029092] + reg:[0.014873]
(spent time: 1.436558485031128s)
recall@10:[0.064566], ndcg@10:[0.054428], recall@20:[0.104738], ndcg@20:[0.070970]
(spent time: 7.713895082473755s)
epoch:284, loss:[0.043270] = mf:[0.028387] + reg:[0.014882]
(spent time: 1.4183714389801025s)
recall@10:[0.064677], ndcg@10:[0.054453], recall@20:[0.104313], ndcg@20:[0.070806]
(spent time: 9.639494180679321s)
epoch:285, loss:[0.043345] = mf:[0.028451] + reg:[0.014895]
(spent time: 1.4977002143859863s)
recall@10:[0.064533], ndcg@10:[0.054374], recall@20:[0.104013], ndcg@20:[0.070693]
(spent time: 9.834783554077148s)
epoch:286, loss:[0.044041] = mf:[0.029137] + reg:[0.014904]
(spent time: 1.3876659870147705s)
recall@10:[0.064773], ndcg@10:[0.054402], recall@20:[0.104421], ndcg@20:[0.070846]
(spent time: 9.576886415481567s)
epoch:287, loss:[0.043745] = mf:[0.028833] + reg:[0.014912]
(spent time: 1.402601957321167s)
recall@10:[0.064905], ndcg@10:[0.054507], recall@20:[0.105015], ndcg@20:[0.071124]
(spent time: 9.925336122512817s)
epoch:288, loss:[0.043316] = mf:[0.028395] + reg:[0.014922]
(spent time: 1.450211763381958s)
recall@10:[0.064688], ndcg@10:[0.054401], recall@20:[0.105124], ndcg@20:[0.071151]
(spent time: 6.154208183288574s)
epoch:289, loss:[0.043432] = mf:[0.028492] + reg:[0.014940]
(spent time: 1.4220881462097168s)
recall@10:[0.064677], ndcg@10:[0.054448], recall@20:[0.105055], ndcg@20:[0.071202]
(spent time: 9.965936660766602s)
epoch:290, loss:[0.043365] = mf:[0.028416] + reg:[0.014949]
(spent time: 1.384868860244751s)
recall@10:[0.064835], ndcg@10:[0.054641], recall@20:[0.105403], ndcg@20:[0.071461]
(spent time: 10.051254749298096s)
epoch:291, loss:[0.043216] = mf:[0.028258] + reg:[0.014957]
(spent time: 1.4747207164764404s)
recall@10:[0.065353], ndcg@10:[0.054970], recall@20:[0.105011], ndcg@20:[0.071460]
(spent time: 9.731307744979858s)
epoch:292, loss:[0.042789] = mf:[0.027817] + reg:[0.014972]
(spent time: 1.520202875137329s)
recall@10:[0.065084], ndcg@10:[0.054732], recall@20:[0.105140], ndcg@20:[0.071379]
(spent time: 9.915428400039673s)
epoch:293, loss:[0.043187] = mf:[0.028206] + reg:[0.014981]
(spent time: 1.483109951019287s)
recall@10:[0.065318], ndcg@10:[0.054925], recall@20:[0.105055], ndcg@20:[0.071440]
(spent time: 5.877515554428101s)
epoch:294, loss:[0.042786] = mf:[0.027791] + reg:[0.014995]
(spent time: 1.4735016822814941s)
recall@10:[0.065717], ndcg@10:[0.054973], recall@20:[0.105280], ndcg@20:[0.071405]
(spent time: 10.132795810699463s)
epoch:295, loss:[0.042855] = mf:[0.027847] + reg:[0.015008]
(spent time: 1.5290813446044922s)
recall@10:[0.065136], ndcg@10:[0.054768], recall@20:[0.105199], ndcg@20:[0.071452]
(spent time: 9.652565002441406s)
epoch:296, loss:[0.042971] = mf:[0.027952] + reg:[0.015019]
(spent time: 1.4359040260314941s)
recall@10:[0.065188], ndcg@10:[0.054569], recall@20:[0.105024], ndcg@20:[0.071166]
(spent time: 10.066600799560547s)
epoch:297, loss:[0.042550] = mf:[0.027518] + reg:[0.015032]
(spent time: 1.4481334686279297s)
recall@10:[0.065235], ndcg@10:[0.054639], recall@20:[0.105083], ndcg@20:[0.071270]
(spent time: 9.15569806098938s)
epoch:298, loss:[0.042757] = mf:[0.027716] + reg:[0.015040]
(spent time: 1.5978851318359375s)
recall@10:[0.064733], ndcg@10:[0.054382], recall@20:[0.105391], ndcg@20:[0.071312]
(spent time: 9.962693691253662s)
epoch:299, loss:[0.042672] = mf:[0.027620] + reg:[0.015052]
(spent time: 1.44218111038208s)
recall@10:[0.064838], ndcg@10:[0.054614], recall@20:[0.104763], ndcg@20:[0.071259]
(spent time: 10.00899887084961s)
epoch:300, loss:[0.042271] = mf:[0.027208] + reg:[0.015063]
(spent time: 1.3812706470489502s)
recall@10:[0.065762], ndcg@10:[0.054980], recall@20:[0.104623], ndcg@20:[0.071197]
