user_nums: 7750 item_nums: 28918
(spent time: 16.366394758224487s)
epoch:1, loss:[0.585605] = mf:[0.585224] + reg:[0.000381]
(spent time: 1.566460132598877s)
recall@10:[0.031758], ndcg@10:[0.033558], recall@20:[0.054329], ndcg@20:[0.045140]
(spent time: 18.11161160469055s)
epoch:2, loss:[0.266393] = mf:[0.264070] + reg:[0.002322]
(spent time: 1.5679421424865723s)
recall@10:[0.031781], ndcg@10:[0.033634], recall@20:[0.053880], ndcg@20:[0.045035]
(spent time: 18.37042212486267s)
epoch:3, loss:[0.174773] = mf:[0.170872] + reg:[0.003901]
(spent time: 1.5011403560638428s)
recall@10:[0.031722], ndcg@10:[0.033684], recall@20:[0.054224], ndcg@20:[0.045227]
(spent time: 14.38337755203247s)
epoch:4, loss:[0.149996] = mf:[0.145140] + reg:[0.004856]
(spent time: 1.4212169647216797s)
recall@10:[0.031599], ndcg@10:[0.033388], recall@20:[0.054183], ndcg@20:[0.045015]
(spent time: 17.71500301361084s)
epoch:5, loss:[0.139235] = mf:[0.133759] + reg:[0.005477]
(spent time: 1.4975967407226562s)
recall@10:[0.031711], ndcg@10:[0.033341], recall@20:[0.054410], ndcg@20:[0.045025]
(spent time: 17.85897731781006s)
epoch:6, loss:[0.133067] = mf:[0.127156] + reg:[0.005912]
(spent time: 1.459859848022461s)
recall@10:[0.032077], ndcg@10:[0.033616], recall@20:[0.054182], ndcg@20:[0.044986]
(spent time: 15.277713298797607s)
epoch:7, loss:[0.128935] = mf:[0.122703] + reg:[0.006232]
(spent time: 1.5983452796936035s)
recall@10:[0.031879], ndcg@10:[0.033481], recall@20:[0.054420], ndcg@20:[0.045040]
(spent time: 17.97641348838806s)
epoch:8, loss:[0.125758] = mf:[0.119280] + reg:[0.006478]
(spent time: 1.4645121097564697s)
recall@10:[0.031979], ndcg@10:[0.033646], recall@20:[0.054731], ndcg@20:[0.045327]
(spent time: 17.275813817977905s)
epoch:9, loss:[0.122388] = mf:[0.115720] + reg:[0.006667]
(spent time: 1.549156665802002s)
recall@10:[0.032284], ndcg@10:[0.033935], recall@20:[0.055324], ndcg@20:[0.045712]
(spent time: 15.17768669128418s)
epoch:10, loss:[0.120097] = mf:[0.113271] + reg:[0.006826]
(spent time: 1.536756992340088s)
recall@10:[0.032230], ndcg@10:[0.033956], recall@20:[0.055681], ndcg@20:[0.045932]
(spent time: 17.479669094085693s)
epoch:11, loss:[0.117002] = mf:[0.110049] + reg:[0.006953]
(spent time: 1.4422166347503662s)
recall@10:[0.032638], ndcg@10:[0.034155], recall@20:[0.055230], ndcg@20:[0.045738]
(spent time: 18.080780744552612s)
epoch:12, loss:[0.114832] = mf:[0.107765] + reg:[0.007067]
(spent time: 1.5512099266052246s)
recall@10:[0.032606], ndcg@10:[0.033982], recall@20:[0.055849], ndcg@20:[0.045875]
(spent time: 16.01440978050232s)
epoch:13, loss:[0.112683] = mf:[0.105512] + reg:[0.007171]
(spent time: 1.443105697631836s)
recall@10:[0.032751], ndcg@10:[0.034097], recall@20:[0.055996], ndcg@20:[0.045969]
(spent time: 17.963066577911377s)
epoch:14, loss:[0.110938] = mf:[0.103679] + reg:[0.007259]
(spent time: 1.4857814311981201s)
recall@10:[0.032894], ndcg@10:[0.034096], recall@20:[0.056420], ndcg@20:[0.046107]
(spent time: 18.017855882644653s)
epoch:15, loss:[0.109557] = mf:[0.102221] + reg:[0.007336]
(spent time: 1.5146617889404297s)
recall@10:[0.032674], ndcg@10:[0.034004], recall@20:[0.056587], ndcg@20:[0.046204]
(spent time: 14.617528676986694s)
epoch:16, loss:[0.107759] = mf:[0.100367] + reg:[0.007392]
(spent time: 1.5114784240722656s)
recall@10:[0.032670], ndcg@10:[0.033957], recall@20:[0.056610], ndcg@20:[0.046149]
(spent time: 17.684919834136963s)
epoch:17, loss:[0.105664] = mf:[0.098205] + reg:[0.007459]
(spent time: 1.5207042694091797s)
recall@10:[0.032809], ndcg@10:[0.034017], recall@20:[0.056941], ndcg@20:[0.046341]
(spent time: 18.19691753387451s)
epoch:18, loss:[0.104629] = mf:[0.097105] + reg:[0.007523]
(spent time: 1.482668399810791s)
recall@10:[0.033028], ndcg@10:[0.034154], recall@20:[0.057194], ndcg@20:[0.046524]
(spent time: 14.96322250366211s)
epoch:19, loss:[0.103181] = mf:[0.095600] + reg:[0.007582]
(spent time: 1.4697463512420654s)
recall@10:[0.032954], ndcg@10:[0.034116], recall@20:[0.056598], ndcg@20:[0.046274]
(spent time: 17.76316809654236s)
epoch:20, loss:[0.101866] = mf:[0.094230] + reg:[0.007636]
(spent time: 1.5226788520812988s)
recall@10:[0.033064], ndcg@10:[0.034171], recall@20:[0.056567], ndcg@20:[0.046283]
(spent time: 17.515547037124634s)
epoch:21, loss:[0.101203] = mf:[0.093519] + reg:[0.007684]
(spent time: 1.7659053802490234s)
recall@10:[0.033386], ndcg@10:[0.034322], recall@20:[0.057062], ndcg@20:[0.046488]
(spent time: 18.04817485809326s)
epoch:22, loss:[0.099858] = mf:[0.092132] + reg:[0.007725]
(spent time: 1.5364854335784912s)
recall@10:[0.033432], ndcg@10:[0.034290], recall@20:[0.057300], ndcg@20:[0.046568]
(spent time: 16.3805570602417s)
epoch:23, loss:[0.098842] = mf:[0.091069] + reg:[0.007773]
(spent time: 1.440835952758789s)
recall@10:[0.033093], ndcg@10:[0.034074], recall@20:[0.057475], ndcg@20:[0.046555]
(spent time: 15.84649395942688s)
epoch:24, loss:[0.098093] = mf:[0.090273] + reg:[0.007820]
(spent time: 1.5380058288574219s)
recall@10:[0.033258], ndcg@10:[0.034302], recall@20:[0.057345], ndcg@20:[0.046676]
(spent time: 18.921820402145386s)
epoch:25, loss:[0.096786] = mf:[0.088923] + reg:[0.007863]
(spent time: 1.5621702671051025s)
recall@10:[0.033450], ndcg@10:[0.034409], recall@20:[0.057656], ndcg@20:[0.046846]
(spent time: 18.752554893493652s)
epoch:26, loss:[0.095943] = mf:[0.088037] + reg:[0.007906]
(spent time: 1.537921667098999s)
recall@10:[0.033918], ndcg@10:[0.034636], recall@20:[0.058137], ndcg@20:[0.047088]
(spent time: 16.648935794830322s)
epoch:27, loss:[0.094793] = mf:[0.086843] + reg:[0.007950]
(spent time: 1.5028696060180664s)
recall@10:[0.034065], ndcg@10:[0.034746], recall@20:[0.058009], ndcg@20:[0.047081]
(spent time: 18.582659006118774s)
epoch:28, loss:[0.094229] = mf:[0.086235] + reg:[0.007994]
(spent time: 1.485856294631958s)
recall@10:[0.034101], ndcg@10:[0.034746], recall@20:[0.057850], ndcg@20:[0.047024]
(spent time: 18.79379892349243s)
epoch:29, loss:[0.093638] = mf:[0.085606] + reg:[0.008033]
(spent time: 1.5180244445800781s)
recall@10:[0.033873], ndcg@10:[0.034710], recall@20:[0.058771], ndcg@20:[0.047535]
(spent time: 16.542784452438354s)
epoch:30, loss:[0.092219] = mf:[0.084138] + reg:[0.008081]
(spent time: 1.4918484687805176s)
recall@10:[0.033987], ndcg@10:[0.034631], recall@20:[0.058727], ndcg@20:[0.047383]
(spent time: 18.530382871627808s)
epoch:31, loss:[0.091538] = mf:[0.083413] + reg:[0.008124]
(spent time: 1.426487922668457s)
recall@10:[0.034574], ndcg@10:[0.035061], recall@20:[0.058657], ndcg@20:[0.047479]
(spent time: 18.389320135116577s)
epoch:32, loss:[0.090784] = mf:[0.082616] + reg:[0.008168]
(spent time: 1.5339279174804688s)
recall@10:[0.034134], ndcg@10:[0.034909], recall@20:[0.058743], ndcg@20:[0.047595]
(spent time: 16.6393141746521s)
epoch:33, loss:[0.090654] = mf:[0.082449] + reg:[0.008205]
(spent time: 1.5903809070587158s)
recall@10:[0.034310], ndcg@10:[0.035069], recall@20:[0.059113], ndcg@20:[0.047840]
(spent time: 18.4722421169281s)
epoch:34, loss:[0.088437] = mf:[0.080191] + reg:[0.008246]
(spent time: 1.512683629989624s)
recall@10:[0.034224], ndcg@10:[0.035073], recall@20:[0.059198], ndcg@20:[0.047948]
(spent time: 18.546972036361694s)
epoch:35, loss:[0.087933] = mf:[0.079633] + reg:[0.008299]
(spent time: 1.4868676662445068s)
recall@10:[0.034523], ndcg@10:[0.035238], recall@20:[0.059219], ndcg@20:[0.047987]
(spent time: 16.56600594520569s)
epoch:36, loss:[0.087181] = mf:[0.078834] + reg:[0.008347]
(spent time: 1.4597465991973877s)
recall@10:[0.034910], ndcg@10:[0.035338], recall@20:[0.059835], ndcg@20:[0.048182]
(spent time: 18.719826459884644s)
epoch:37, loss:[0.086922] = mf:[0.078529] + reg:[0.008393]
(spent time: 1.5033018589019775s)
recall@10:[0.035171], ndcg@10:[0.035505], recall@20:[0.060116], ndcg@20:[0.048359]
(spent time: 18.545952320098877s)
epoch:38, loss:[0.086047] = mf:[0.077609] + reg:[0.008438]
(spent time: 1.5991795063018799s)
recall@10:[0.035220], ndcg@10:[0.035562], recall@20:[0.060117], ndcg@20:[0.048376]
(spent time: 18.342942237854004s)
epoch:39, loss:[0.085347] = mf:[0.076870] + reg:[0.008478]
(spent time: 1.4713411331176758s)
recall@10:[0.035383], ndcg@10:[0.035633], recall@20:[0.060382], ndcg@20:[0.048498]
(spent time: 18.357791662216187s)
epoch:40, loss:[0.084467] = mf:[0.075945] + reg:[0.008522]
(spent time: 1.4077517986297607s)
recall@10:[0.035482], ndcg@10:[0.035719], recall@20:[0.061417], ndcg@20:[0.049072]
(spent time: 16.902628898620605s)
epoch:41, loss:[0.084748] = mf:[0.076184] + reg:[0.008563]
(spent time: 1.5128874778747559s)
recall@10:[0.035438], ndcg@10:[0.035597], recall@20:[0.061430], ndcg@20:[0.048993]
(spent time: 18.452837467193604s)
epoch:42, loss:[0.083073] = mf:[0.074471] + reg:[0.008603]
(spent time: 1.526296854019165s)
recall@10:[0.035851], ndcg@10:[0.035936], recall@20:[0.061614], ndcg@20:[0.049201]
(spent time: 18.163917303085327s)
epoch:43, loss:[0.082922] = mf:[0.074279] + reg:[0.008643]
(spent time: 1.536039113998413s)
recall@10:[0.035859], ndcg@10:[0.035982], recall@20:[0.062229], ndcg@20:[0.049570]
(spent time: 15.650597333908081s)
epoch:44, loss:[0.081796] = mf:[0.073106] + reg:[0.008690]
(spent time: 1.548196792602539s)
recall@10:[0.036349], ndcg@10:[0.036325], recall@20:[0.062413], ndcg@20:[0.049746]
(spent time: 18.72972798347473s)
epoch:45, loss:[0.081209] = mf:[0.072476] + reg:[0.008733]
(spent time: 1.4986834526062012s)
recall@10:[0.036439], ndcg@10:[0.036293], recall@20:[0.063419], ndcg@20:[0.050163]
(spent time: 18.64150047302246s)
epoch:46, loss:[0.081037] = mf:[0.072261] + reg:[0.008776]
(spent time: 1.4863767623901367s)
recall@10:[0.036368], ndcg@10:[0.036407], recall@20:[0.062870], ndcg@20:[0.050114]
(spent time: 12.7086021900177s)
epoch:47, loss:[0.080199] = mf:[0.071377] + reg:[0.008822]
(spent time: 1.495244026184082s)
recall@10:[0.036499], ndcg@10:[0.036668], recall@20:[0.063275], ndcg@20:[0.050499]
(spent time: 18.959622621536255s)
epoch:48, loss:[0.079867] = mf:[0.071000] + reg:[0.008867]
(spent time: 1.5952513217926025s)
recall@10:[0.036737], ndcg@10:[0.036767], recall@20:[0.063274], ndcg@20:[0.050469]
(spent time: 18.539515256881714s)
epoch:49, loss:[0.078755] = mf:[0.069846] + reg:[0.008909]
(spent time: 1.4193506240844727s)
recall@10:[0.036505], ndcg@10:[0.036689], recall@20:[0.063655], ndcg@20:[0.050705]
(spent time: 14.676222085952759s)
epoch:50, loss:[0.078791] = mf:[0.069827] + reg:[0.008964]
(spent time: 1.6054301261901855s)
recall@10:[0.036693], ndcg@10:[0.036988], recall@20:[0.064003], ndcg@20:[0.051091]
(spent time: 18.881232976913452s)
epoch:51, loss:[0.078080] = mf:[0.069078] + reg:[0.009001]
(spent time: 1.5879666805267334s)
recall@10:[0.036609], ndcg@10:[0.036925], recall@20:[0.064382], ndcg@20:[0.051224]
(spent time: 18.279521465301514s)
epoch:52, loss:[0.076909] = mf:[0.067865] + reg:[0.009044]
(spent time: 1.4977071285247803s)
recall@10:[0.036834], ndcg@10:[0.037191], recall@20:[0.063856], ndcg@20:[0.051112]
(spent time: 16.044130325317383s)
epoch:53, loss:[0.076946] = mf:[0.067853] + reg:[0.009093]
(spent time: 1.610931634902954s)
recall@10:[0.037256], ndcg@10:[0.037331], recall@20:[0.064083], ndcg@20:[0.051141]
(spent time: 18.013818502426147s)
epoch:54, loss:[0.076419] = mf:[0.067280] + reg:[0.009139]
(spent time: 1.5577235221862793s)
recall@10:[0.037451], ndcg@10:[0.037483], recall@20:[0.064317], ndcg@20:[0.051324]
(spent time: 18.75140690803528s)
epoch:55, loss:[0.076419] = mf:[0.067238] + reg:[0.009181]
(spent time: 1.6114027500152588s)
recall@10:[0.037747], ndcg@10:[0.037651], recall@20:[0.064138], ndcg@20:[0.051264]
(spent time: 16.30519938468933s)
epoch:56, loss:[0.076475] = mf:[0.067265] + reg:[0.009210]
(spent time: 1.5268299579620361s)
recall@10:[0.037922], ndcg@10:[0.037766], recall@20:[0.064750], ndcg@20:[0.051541]
(spent time: 18.3786358833313s)
epoch:57, loss:[0.075525] = mf:[0.066284] + reg:[0.009242]
(spent time: 1.4659738540649414s)
recall@10:[0.037536], ndcg@10:[0.037581], recall@20:[0.064763], ndcg@20:[0.051585]
(spent time: 18.664673805236816s)
epoch:58, loss:[0.075401] = mf:[0.066112] + reg:[0.009289]
(spent time: 1.5185513496398926s)
recall@10:[0.037858], ndcg@10:[0.037878], recall@20:[0.064920], ndcg@20:[0.051808]
(spent time: 16.560904264450073s)
epoch:59, loss:[0.074526] = mf:[0.065192] + reg:[0.009333]
(spent time: 1.4818575382232666s)
recall@10:[0.037996], ndcg@10:[0.037966], recall@20:[0.065260], ndcg@20:[0.051983]
(spent time: 18.3807270526886s)
epoch:60, loss:[0.074276] = mf:[0.064900] + reg:[0.009376]
(spent time: 1.4757916927337646s)
recall@10:[0.038185], ndcg@10:[0.038118], recall@20:[0.065454], ndcg@20:[0.052160]
(spent time: 18.32082772254944s)
epoch:61, loss:[0.073775] = mf:[0.064359] + reg:[0.009416]
(spent time: 1.49296236038208s)
recall@10:[0.037963], ndcg@10:[0.037910], recall@20:[0.065427], ndcg@20:[0.052054]
(spent time: 16.522968292236328s)
epoch:62, loss:[0.073673] = mf:[0.064218] + reg:[0.009455]
(spent time: 1.5741043090820312s)
recall@10:[0.038140], ndcg@10:[0.038087], recall@20:[0.065922], ndcg@20:[0.052294]
(spent time: 18.43751096725464s)
epoch:63, loss:[0.073435] = mf:[0.063947] + reg:[0.009488]
(spent time: 1.5195276737213135s)
recall@10:[0.038000], ndcg@10:[0.037994], recall@20:[0.066097], ndcg@20:[0.052388]
(spent time: 18.30884051322937s)
epoch:64, loss:[0.073619] = mf:[0.064100] + reg:[0.009518]
(spent time: 1.4538216590881348s)
recall@10:[0.038331], ndcg@10:[0.038218], recall@20:[0.066342], ndcg@20:[0.052590]
(spent time: 16.78832721710205s)
epoch:65, loss:[0.072925] = mf:[0.063376] + reg:[0.009549]
(spent time: 1.5028061866760254s)
recall@10:[0.038685], ndcg@10:[0.038688], recall@20:[0.066760], ndcg@20:[0.053058]
(spent time: 18.590816497802734s)
epoch:66, loss:[0.072424] = mf:[0.062841] + reg:[0.009583]
(spent time: 1.482050895690918s)
recall@10:[0.038692], ndcg@10:[0.038804], recall@20:[0.066492], ndcg@20:[0.053095]
(spent time: 17.736955165863037s)
epoch:67, loss:[0.072276] = mf:[0.062659] + reg:[0.009617]
(spent time: 1.7297625541687012s)
recall@10:[0.039194], ndcg@10:[0.038863], recall@20:[0.066564], ndcg@20:[0.052960]
(spent time: 18.542390823364258s)
epoch:68, loss:[0.071504] = mf:[0.061849] + reg:[0.009656]
(spent time: 1.4804878234863281s)
recall@10:[0.038895], ndcg@10:[0.038814], recall@20:[0.067222], ndcg@20:[0.053313]
(spent time: 18.373526334762573s)
epoch:69, loss:[0.071647] = mf:[0.061960] + reg:[0.009688]
(spent time: 1.582247018814087s)
recall@10:[0.038923], ndcg@10:[0.038561], recall@20:[0.067488], ndcg@20:[0.053207]
(spent time: 16.734717845916748s)
epoch:70, loss:[0.070841] = mf:[0.061116] + reg:[0.009724]
(spent time: 1.5260844230651855s)
recall@10:[0.039148], ndcg@10:[0.038835], recall@20:[0.067179], ndcg@20:[0.053232]
(spent time: 18.514097690582275s)
epoch:71, loss:[0.070449] = mf:[0.060686] + reg:[0.009762]
(spent time: 1.4998564720153809s)
recall@10:[0.039005], ndcg@10:[0.038679], recall@20:[0.067379], ndcg@20:[0.053213]
(spent time: 18.492307662963867s)
epoch:72, loss:[0.069583] = mf:[0.059779] + reg:[0.009803]
(spent time: 1.5160224437713623s)
recall@10:[0.039232], ndcg@10:[0.038907], recall@20:[0.067276], ndcg@20:[0.053282]
(spent time: 13.164760828018188s)
epoch:73, loss:[0.069824] = mf:[0.059986] + reg:[0.009839]
(spent time: 1.6058154106140137s)
recall@10:[0.039288], ndcg@10:[0.039011], recall@20:[0.067089], ndcg@20:[0.053286]
(spent time: 18.7606942653656s)
epoch:74, loss:[0.070043] = mf:[0.060170] + reg:[0.009874]
(spent time: 1.5046370029449463s)
recall@10:[0.039358], ndcg@10:[0.039091], recall@20:[0.067630], ndcg@20:[0.053587]
(spent time: 18.506287574768066s)
epoch:75, loss:[0.069681] = mf:[0.059770] + reg:[0.009911]
(spent time: 1.5081498622894287s)
recall@10:[0.039717], ndcg@10:[0.039240], recall@20:[0.067682], ndcg@20:[0.053576]
(spent time: 13.90808653831482s)
epoch:76, loss:[0.069611] = mf:[0.059671] + reg:[0.009940]
(spent time: 1.546570062637329s)
recall@10:[0.039376], ndcg@10:[0.038940], recall@20:[0.068002], ndcg@20:[0.053640]
(spent time: 18.833261251449585s)
epoch:77, loss:[0.068916] = mf:[0.058948] + reg:[0.009968]
(spent time: 1.5961599349975586s)
recall@10:[0.039835], ndcg@10:[0.039340], recall@20:[0.068103], ndcg@20:[0.053907]
(spent time: 18.588640928268433s)
epoch:78, loss:[0.068571] = mf:[0.058568] + reg:[0.010003]
(spent time: 1.6147096157073975s)
recall@10:[0.039247], ndcg@10:[0.038909], recall@20:[0.067957], ndcg@20:[0.053699]
(spent time: 16.29597520828247s)
epoch:79, loss:[0.068306] = mf:[0.058274] + reg:[0.010032]
(spent time: 1.6237821578979492s)
recall@10:[0.039172], ndcg@10:[0.039031], recall@20:[0.068076], ndcg@20:[0.053878]
(spent time: 18.338072776794434s)
epoch:80, loss:[0.068439] = mf:[0.058370] + reg:[0.010069]
(spent time: 1.479372262954712s)
recall@10:[0.039851], ndcg@10:[0.039421], recall@20:[0.068730], ndcg@20:[0.054239]
(spent time: 18.854596376419067s)
epoch:81, loss:[0.067865] = mf:[0.057767] + reg:[0.010098]
(spent time: 1.6063804626464844s)
recall@10:[0.039821], ndcg@10:[0.039323], recall@20:[0.068872], ndcg@20:[0.054170]
(spent time: 16.05047106742859s)
epoch:82, loss:[0.067613] = mf:[0.057483] + reg:[0.010130]
(spent time: 1.5881764888763428s)
recall@10:[0.040075], ndcg@10:[0.039456], recall@20:[0.068690], ndcg@20:[0.054136]
(spent time: 18.294395923614502s)
epoch:83, loss:[0.067570] = mf:[0.057419] + reg:[0.010151]
(spent time: 1.5386853218078613s)
recall@10:[0.040091], ndcg@10:[0.039609], recall@20:[0.068808], ndcg@20:[0.054383]
(spent time: 18.420761346817017s)
epoch:84, loss:[0.067032] = mf:[0.056850] + reg:[0.010183]
(spent time: 1.554335355758667s)
recall@10:[0.040467], ndcg@10:[0.039886], recall@20:[0.069317], ndcg@20:[0.054719]
(spent time: 16.498689651489258s)
epoch:85, loss:[0.066819] = mf:[0.056599] + reg:[0.010220]
(spent time: 1.5457024574279785s)
recall@10:[0.040117], ndcg@10:[0.039539], recall@20:[0.069737], ndcg@20:[0.054756]
(spent time: 18.321634769439697s)
epoch:86, loss:[0.067006] = mf:[0.056753] + reg:[0.010253]
(spent time: 1.4773402214050293s)
recall@10:[0.040332], ndcg@10:[0.039689], recall@20:[0.070093], ndcg@20:[0.054980]
(spent time: 18.44325590133667s)
epoch:87, loss:[0.066308] = mf:[0.056028] + reg:[0.010280]
(spent time: 1.5208384990692139s)
recall@10:[0.040317], ndcg@10:[0.039612], recall@20:[0.070220], ndcg@20:[0.054954]
(spent time: 16.685189247131348s)
epoch:88, loss:[0.066210] = mf:[0.055903] + reg:[0.010307]
(spent time: 1.5556282997131348s)
recall@10:[0.040408], ndcg@10:[0.039792], recall@20:[0.070112], ndcg@20:[0.055062]
(spent time: 18.82196354866028s)
epoch:89, loss:[0.065744] = mf:[0.055407] + reg:[0.010337]
(spent time: 1.6259164810180664s)
recall@10:[0.041072], ndcg@10:[0.040388], recall@20:[0.070337], ndcg@20:[0.055433]
(spent time: 18.680070161819458s)
epoch:90, loss:[0.065420] = mf:[0.055056] + reg:[0.010365]
(spent time: 1.70241117477417s)
recall@10:[0.041047], ndcg@10:[0.040483], recall@20:[0.070653], ndcg@20:[0.055682]
(spent time: 17.75434899330139s)
epoch:91, loss:[0.065679] = mf:[0.055283] + reg:[0.010395]
(spent time: 1.4894871711730957s)
recall@10:[0.040984], ndcg@10:[0.040698], recall@20:[0.071322], ndcg@20:[0.056239]
(spent time: 18.527313470840454s)
epoch:92, loss:[0.065305] = mf:[0.054877] + reg:[0.010428]
(spent time: 1.6430978775024414s)
recall@10:[0.041563], ndcg@10:[0.040940], recall@20:[0.071913], ndcg@20:[0.056510]
(spent time: 17.017471313476562s)
epoch:93, loss:[0.065014] = mf:[0.054565] + reg:[0.010449]
(spent time: 1.576047658920288s)
recall@10:[0.041626], ndcg@10:[0.041002], recall@20:[0.071617], ndcg@20:[0.056364]
(spent time: 18.40136432647705s)
epoch:94, loss:[0.065110] = mf:[0.054637] + reg:[0.010472]
(spent time: 1.4863464832305908s)
recall@10:[0.041694], ndcg@10:[0.041111], recall@20:[0.071439], ndcg@20:[0.056375]
(spent time: 18.42722201347351s)
epoch:95, loss:[0.064708] = mf:[0.054214] + reg:[0.010494]
(spent time: 1.4945600032806396s)
recall@10:[0.041595], ndcg@10:[0.041020], recall@20:[0.071367], ndcg@20:[0.056330]
(spent time: 16.443267583847046s)
epoch:96, loss:[0.064895] = mf:[0.054376] + reg:[0.010519]
(spent time: 1.5913829803466797s)
recall@10:[0.041391], ndcg@10:[0.041001], recall@20:[0.071257], ndcg@20:[0.056370]
(spent time: 18.81855297088623s)
epoch:97, loss:[0.064098] = mf:[0.053549] + reg:[0.010549]
(spent time: 1.533735752105713s)
recall@10:[0.041193], ndcg@10:[0.040817], recall@20:[0.071576], ndcg@20:[0.056393]
(spent time: 18.45233464241028s)
epoch:98, loss:[0.063610] = mf:[0.053027] + reg:[0.010583]
(spent time: 1.5539233684539795s)
recall@10:[0.041319], ndcg@10:[0.041019], recall@20:[0.071209], ndcg@20:[0.056390]
(spent time: 14.235666513442993s)
epoch:99, loss:[0.064121] = mf:[0.053509] + reg:[0.010612]
(spent time: 1.5875506401062012s)
recall@10:[0.041305], ndcg@10:[0.041155], recall@20:[0.071581], ndcg@20:[0.056693]
(spent time: 18.71242356300354s)
epoch:100, loss:[0.063801] = mf:[0.053163] + reg:[0.010637]
(spent time: 1.6042237281799316s)
recall@10:[0.041634], ndcg@10:[0.041305], recall@20:[0.072446], ndcg@20:[0.057116]
(spent time: 18.55302858352661s)
epoch:101, loss:[0.063667] = mf:[0.053003] + reg:[0.010664]
(spent time: 1.5435712337493896s)
recall@10:[0.041770], ndcg@10:[0.041563], recall@20:[0.072386], ndcg@20:[0.057289]
(spent time: 12.553022146224976s)
epoch:102, loss:[0.063601] = mf:[0.052912] + reg:[0.010689]
(spent time: 1.5108401775360107s)
recall@10:[0.042184], ndcg@10:[0.041835], recall@20:[0.072659], ndcg@20:[0.057477]
(spent time: 18.830958366394043s)
epoch:103, loss:[0.063474] = mf:[0.052758] + reg:[0.010717]
(spent time: 1.577672004699707s)
recall@10:[0.042288], ndcg@10:[0.042109], recall@20:[0.073073], ndcg@20:[0.057947]
(spent time: 18.4859299659729s)
epoch:104, loss:[0.062864] = mf:[0.052124] + reg:[0.010740]
(spent time: 1.5259416103363037s)
recall@10:[0.042455], ndcg@10:[0.042115], recall@20:[0.073328], ndcg@20:[0.057994]
(spent time: 16.24914526939392s)
epoch:105, loss:[0.063344] = mf:[0.052585] + reg:[0.010759]
(spent time: 1.6179101467132568s)
recall@10:[0.042974], ndcg@10:[0.042597], recall@20:[0.073098], ndcg@20:[0.058123]
(spent time: 18.290638208389282s)
epoch:106, loss:[0.062441] = mf:[0.051657] + reg:[0.010783]
(spent time: 1.605125904083252s)
recall@10:[0.042744], ndcg@10:[0.042357], recall@20:[0.073230], ndcg@20:[0.058069]
(spent time: 18.77556800842285s)
epoch:107, loss:[0.062698] = mf:[0.051890] + reg:[0.010808]
(spent time: 1.5595359802246094s)
recall@10:[0.042749], ndcg@10:[0.042479], recall@20:[0.073135], ndcg@20:[0.058129]
(spent time: 16.14804220199585s)
epoch:108, loss:[0.062305] = mf:[0.051472] + reg:[0.010832]
(spent time: 1.4654741287231445s)
recall@10:[0.042986], ndcg@10:[0.042676], recall@20:[0.073468], ndcg@20:[0.058366]
(spent time: 18.2412166595459s)
epoch:109, loss:[0.062304] = mf:[0.051443] + reg:[0.010861]
(spent time: 1.590564489364624s)
recall@10:[0.042995], ndcg@10:[0.042569], recall@20:[0.073528], ndcg@20:[0.058310]
(spent time: 18.402359008789062s)
epoch:110, loss:[0.061343] = mf:[0.050459] + reg:[0.010884]
(spent time: 1.5195505619049072s)
recall@10:[0.043134], ndcg@10:[0.042906], recall@20:[0.074090], ndcg@20:[0.058800]
(spent time: 16.568214654922485s)
epoch:111, loss:[0.061678] = mf:[0.050768] + reg:[0.010910]
(spent time: 1.531360387802124s)
recall@10:[0.043169], ndcg@10:[0.042716], recall@20:[0.073548], ndcg@20:[0.058364]
(spent time: 18.484843015670776s)
epoch:112, loss:[0.061980] = mf:[0.051043] + reg:[0.010937]
(spent time: 1.5258920192718506s)
recall@10:[0.043527], ndcg@10:[0.043188], recall@20:[0.073948], ndcg@20:[0.058842]
(spent time: 18.443573236465454s)
epoch:113, loss:[0.061043] = mf:[0.050085] + reg:[0.010958]
(spent time: 1.5473899841308594s)
recall@10:[0.043650], ndcg@10:[0.043440], recall@20:[0.074365], ndcg@20:[0.059294]
(spent time: 16.2252779006958s)
epoch:114, loss:[0.061629] = mf:[0.050650] + reg:[0.010978]
(spent time: 1.563110113143921s)
recall@10:[0.043383], ndcg@10:[0.043176], recall@20:[0.074220], ndcg@20:[0.059109]
(spent time: 18.60971689224243s)
epoch:115, loss:[0.061354] = mf:[0.050347] + reg:[0.011007]
(spent time: 1.5851504802703857s)
recall@10:[0.043718], ndcg@10:[0.043321], recall@20:[0.073950], ndcg@20:[0.058969]
(spent time: 18.334481477737427s)
epoch:116, loss:[0.060576] = mf:[0.049542] + reg:[0.011034]
(spent time: 1.582895278930664s)
recall@10:[0.043645], ndcg@10:[0.043406], recall@20:[0.074921], ndcg@20:[0.059538]
(spent time: 17.410537481307983s)
epoch:117, loss:[0.060571] = mf:[0.049511] + reg:[0.011060]
(spent time: 1.6057279109954834s)
recall@10:[0.043700], ndcg@10:[0.043727], recall@20:[0.075678], ndcg@20:[0.060204]
(spent time: 18.605106115341187s)
epoch:118, loss:[0.060576] = mf:[0.049494] + reg:[0.011083]
(spent time: 1.5349328517913818s)
recall@10:[0.044172], ndcg@10:[0.044050], recall@20:[0.075287], ndcg@20:[0.060152]
(spent time: 17.196152448654175s)
epoch:119, loss:[0.060295] = mf:[0.049187] + reg:[0.011108]
(spent time: 1.6010277271270752s)
recall@10:[0.044452], ndcg@10:[0.044330], recall@20:[0.076055], ndcg@20:[0.060656]
(spent time: 18.42074990272522s)
epoch:120, loss:[0.060677] = mf:[0.049545] + reg:[0.011132]
(spent time: 1.4894030094146729s)
recall@10:[0.044324], ndcg@10:[0.044374], recall@20:[0.075610], ndcg@20:[0.060522]
(spent time: 18.44003176689148s)
epoch:121, loss:[0.060126] = mf:[0.048970] + reg:[0.011156]
(spent time: 1.6442556381225586s)
recall@10:[0.044209], ndcg@10:[0.044410], recall@20:[0.075849], ndcg@20:[0.060753]
(spent time: 16.68359613418579s)
epoch:122, loss:[0.059740] = mf:[0.048562] + reg:[0.011178]
(spent time: 1.575796365737915s)
recall@10:[0.044479], ndcg@10:[0.044595], recall@20:[0.076154], ndcg@20:[0.060896]
(spent time: 18.82540202140808s)
epoch:123, loss:[0.059670] = mf:[0.048464] + reg:[0.011206]
(spent time: 1.5809850692749023s)
recall@10:[0.044690], ndcg@10:[0.044656], recall@20:[0.076525], ndcg@20:[0.061107]
(spent time: 18.575544357299805s)
epoch:124, loss:[0.059599] = mf:[0.048369] + reg:[0.011230]
(spent time: 1.5593152046203613s)
recall@10:[0.044596], ndcg@10:[0.044713], recall@20:[0.076974], ndcg@20:[0.061416]
(spent time: 15.154021501541138s)
epoch:125, loss:[0.059633] = mf:[0.048378] + reg:[0.011256]
(spent time: 1.5112199783325195s)
recall@10:[0.045077], ndcg@10:[0.045031], recall@20:[0.077070], ndcg@20:[0.061514]
(spent time: 18.679327964782715s)
epoch:126, loss:[0.059343] = mf:[0.048065] + reg:[0.011279]
(spent time: 1.5235037803649902s)
recall@10:[0.045613], ndcg@10:[0.045330], recall@20:[0.077241], ndcg@20:[0.061615]
(spent time: 18.279643535614014s)
epoch:127, loss:[0.059237] = mf:[0.047936] + reg:[0.011300]
(spent time: 1.6038026809692383s)
recall@10:[0.045077], ndcg@10:[0.045018], recall@20:[0.077136], ndcg@20:[0.061542]
(spent time: 12.128002166748047s)
epoch:128, loss:[0.059242] = mf:[0.047923] + reg:[0.011318]
(spent time: 1.5092999935150146s)
recall@10:[0.045345], ndcg@10:[0.045449], recall@20:[0.077689], ndcg@20:[0.062078]
(spent time: 18.69674038887024s)
epoch:129, loss:[0.058779] = mf:[0.047441] + reg:[0.011337]
(spent time: 1.562805414199829s)
recall@10:[0.045442], ndcg@10:[0.045547], recall@20:[0.078038], ndcg@20:[0.062275]
(spent time: 18.426257848739624s)
epoch:130, loss:[0.058409] = mf:[0.047047] + reg:[0.011362]
(spent time: 1.5526578426361084s)
recall@10:[0.045637], ndcg@10:[0.045838], recall@20:[0.077865], ndcg@20:[0.062431]
(spent time: 15.85091495513916s)
epoch:131, loss:[0.058392] = mf:[0.047008] + reg:[0.011385]
(spent time: 1.5072007179260254s)
recall@10:[0.046237], ndcg@10:[0.046363], recall@20:[0.078418], ndcg@20:[0.062901]
(spent time: 18.428382873535156s)
epoch:132, loss:[0.057776] = mf:[0.046365] + reg:[0.011411]
(spent time: 1.6060566902160645s)
recall@10:[0.045905], ndcg@10:[0.046023], recall@20:[0.078383], ndcg@20:[0.062729]
(spent time: 18.765209913253784s)
epoch:133, loss:[0.058229] = mf:[0.046790] + reg:[0.011440]
(spent time: 1.5959010124206543s)
recall@10:[0.045697], ndcg@10:[0.045958], recall@20:[0.078563], ndcg@20:[0.062861]
(spent time: 16.30823302268982s)
epoch:134, loss:[0.058543] = mf:[0.047087] + reg:[0.011456]
(spent time: 1.6066131591796875s)
recall@10:[0.045874], ndcg@10:[0.045969], recall@20:[0.078982], ndcg@20:[0.063006]
(spent time: 18.528766632080078s)
epoch:135, loss:[0.058193] = mf:[0.046718] + reg:[0.011475]
(spent time: 1.5083019733428955s)
recall@10:[0.045637], ndcg@10:[0.045847], recall@20:[0.078691], ndcg@20:[0.062906]
(spent time: 18.45574975013733s)
epoch:136, loss:[0.057989] = mf:[0.046485] + reg:[0.011504]
(spent time: 1.565885305404663s)
recall@10:[0.046025], ndcg@10:[0.046206], recall@20:[0.079213], ndcg@20:[0.063272]
(spent time: 16.55271005630493s)
epoch:137, loss:[0.057825] = mf:[0.046296] + reg:[0.011529]
(spent time: 1.5111804008483887s)
recall@10:[0.046349], ndcg@10:[0.046492], recall@20:[0.078802], ndcg@20:[0.063234]
(spent time: 18.4870867729187s)
epoch:138, loss:[0.057440] = mf:[0.045891] + reg:[0.011549]
(spent time: 1.6658666133880615s)
recall@10:[0.046353], ndcg@10:[0.046287], recall@20:[0.079303], ndcg@20:[0.063229]
(spent time: 18.356974840164185s)
epoch:139, loss:[0.057512] = mf:[0.045950] + reg:[0.011561]
(spent time: 1.5165951251983643s)
recall@10:[0.046188], ndcg@10:[0.046390], recall@20:[0.079816], ndcg@20:[0.063736]
(spent time: 16.469324111938477s)
epoch:140, loss:[0.057117] = mf:[0.045530] + reg:[0.011587]
(spent time: 1.5202054977416992s)
recall@10:[0.046716], ndcg@10:[0.046794], recall@20:[0.080053], ndcg@20:[0.063964]
(spent time: 18.753336668014526s)
epoch:141, loss:[0.057041] = mf:[0.045428] + reg:[0.011613]
(spent time: 1.5418589115142822s)
recall@10:[0.046900], ndcg@10:[0.046991], recall@20:[0.080047], ndcg@20:[0.064043]
(spent time: 18.25520372390747s)
epoch:142, loss:[0.057538] = mf:[0.045900] + reg:[0.011638]
(spent time: 1.6522483825683594s)
recall@10:[0.047353], ndcg@10:[0.047140], recall@20:[0.079899], ndcg@20:[0.063910]
(spent time: 18.395766973495483s)
epoch:143, loss:[0.057032] = mf:[0.045372] + reg:[0.011660]
(spent time: 1.5834815502166748s)
recall@10:[0.047076], ndcg@10:[0.047023], recall@20:[0.080251], ndcg@20:[0.064070]
(spent time: 18.653990983963013s)
epoch:144, loss:[0.057015] = mf:[0.045337] + reg:[0.011677]
(spent time: 1.531076192855835s)
recall@10:[0.047019], ndcg@10:[0.047220], recall@20:[0.080196], ndcg@20:[0.064294]
(spent time: 16.57045269012451s)
epoch:145, loss:[0.056484] = mf:[0.044788] + reg:[0.011696]
(spent time: 1.4611907005310059s)
recall@10:[0.047229], ndcg@10:[0.047337], recall@20:[0.080806], ndcg@20:[0.064593]
(spent time: 18.145738124847412s)
epoch:146, loss:[0.056616] = mf:[0.044900] + reg:[0.011716]
(spent time: 1.4599182605743408s)
recall@10:[0.047148], ndcg@10:[0.047198], recall@20:[0.080318], ndcg@20:[0.064228]
(spent time: 18.475120782852173s)
epoch:147, loss:[0.056253] = mf:[0.044515] + reg:[0.011738]
(spent time: 1.529522180557251s)
recall@10:[0.047036], ndcg@10:[0.047217], recall@20:[0.080743], ndcg@20:[0.064504]
(spent time: 16.421780347824097s)
epoch:148, loss:[0.056298] = mf:[0.044539] + reg:[0.011759]
(spent time: 1.65513014793396s)
recall@10:[0.046767], ndcg@10:[0.047202], recall@20:[0.080869], ndcg@20:[0.064752]
(spent time: 18.96183753013611s)
epoch:149, loss:[0.056322] = mf:[0.044540] + reg:[0.011781]
(spent time: 1.4745159149169922s)
recall@10:[0.047038], ndcg@10:[0.047453], recall@20:[0.081162], ndcg@20:[0.064981]
(spent time: 18.531813621520996s)
epoch:150, loss:[0.056453] = mf:[0.044655] + reg:[0.011797]
(spent time: 1.5064141750335693s)
recall@10:[0.047253], ndcg@10:[0.047753], recall@20:[0.080784], ndcg@20:[0.065006]
(spent time: 15.485726356506348s)
epoch:151, loss:[0.056009] = mf:[0.044194] + reg:[0.011815]
(spent time: 1.5305533409118652s)
recall@10:[0.047415], ndcg@10:[0.047924], recall@20:[0.080629], ndcg@20:[0.065084]
(spent time: 18.802277326583862s)
epoch:152, loss:[0.056033] = mf:[0.044197] + reg:[0.011836]
(spent time: 1.5117905139923096s)
recall@10:[0.047079], ndcg@10:[0.047556], recall@20:[0.080515], ndcg@20:[0.064766]
(spent time: 18.54855513572693s)
epoch:153, loss:[0.055588] = mf:[0.043731] + reg:[0.011858]
(spent time: 1.4669828414916992s)
recall@10:[0.047424], ndcg@10:[0.047787], recall@20:[0.081019], ndcg@20:[0.065000]
(spent time: 12.334167003631592s)
epoch:154, loss:[0.055801] = mf:[0.043923] + reg:[0.011878]
(spent time: 1.565748929977417s)
recall@10:[0.047841], ndcg@10:[0.047885], recall@20:[0.081459], ndcg@20:[0.065216]
(spent time: 18.646207094192505s)
epoch:155, loss:[0.055973] = mf:[0.044075] + reg:[0.011897]
(spent time: 1.462465524673462s)
recall@10:[0.047812], ndcg@10:[0.047881], recall@20:[0.081538], ndcg@20:[0.065288]
(spent time: 18.540342807769775s)
epoch:156, loss:[0.055417] = mf:[0.043504] + reg:[0.011913]
(spent time: 1.493535041809082s)
recall@10:[0.047907], ndcg@10:[0.048033], recall@20:[0.081429], ndcg@20:[0.065302]
(spent time: 14.830737590789795s)
epoch:157, loss:[0.055961] = mf:[0.044031] + reg:[0.011930]
(spent time: 1.4634499549865723s)
recall@10:[0.048238], ndcg@10:[0.048360], recall@20:[0.081942], ndcg@20:[0.065692]
(spent time: 18.462767124176025s)
epoch:158, loss:[0.055361] = mf:[0.043414] + reg:[0.011947]
(spent time: 1.505380630493164s)
recall@10:[0.047907], ndcg@10:[0.048332], recall@20:[0.081977], ndcg@20:[0.065885]
(spent time: 18.696638345718384s)
epoch:159, loss:[0.054995] = mf:[0.043030] + reg:[0.011965]
(spent time: 1.633821964263916s)
recall@10:[0.048208], ndcg@10:[0.048379], recall@20:[0.081978], ndcg@20:[0.065782]
(spent time: 16.452208757400513s)
epoch:160, loss:[0.054896] = mf:[0.042909] + reg:[0.011987]
(spent time: 1.5402140617370605s)
recall@10:[0.048369], ndcg@10:[0.048411], recall@20:[0.082130], ndcg@20:[0.065823]
(spent time: 18.448492527008057s)
epoch:161, loss:[0.054413] = mf:[0.042398] + reg:[0.012016]
(spent time: 1.6701977252960205s)
recall@10:[0.048588], ndcg@10:[0.048709], recall@20:[0.082197], ndcg@20:[0.066043]
(spent time: 18.694028615951538s)
epoch:162, loss:[0.054507] = mf:[0.042470] + reg:[0.012037]
(spent time: 1.6441717147827148s)
recall@10:[0.048705], ndcg@10:[0.048900], recall@20:[0.082299], ndcg@20:[0.066193]
(spent time: 16.97720742225647s)
epoch:163, loss:[0.054282] = mf:[0.042222] + reg:[0.012060]
(spent time: 1.5870180130004883s)
recall@10:[0.048274], ndcg@10:[0.048833], recall@20:[0.082454], ndcg@20:[0.066530]
(spent time: 18.583414316177368s)
epoch:164, loss:[0.054357] = mf:[0.042275] + reg:[0.012083]
(spent time: 1.5029375553131104s)
recall@10:[0.048383], ndcg@10:[0.048752], recall@20:[0.082070], ndcg@20:[0.066199]
(spent time: 18.2627010345459s)
epoch:165, loss:[0.054970] = mf:[0.042871] + reg:[0.012099]
(spent time: 1.6309819221496582s)
recall@10:[0.048415], ndcg@10:[0.048671], recall@20:[0.082407], ndcg@20:[0.066279]
(spent time: 17.995407581329346s)
epoch:166, loss:[0.053975] = mf:[0.041861] + reg:[0.012114]
(spent time: 1.554779291152954s)
recall@10:[0.048271], ndcg@10:[0.048590], recall@20:[0.082360], ndcg@20:[0.066182]
(spent time: 18.73389983177185s)
epoch:167, loss:[0.054162] = mf:[0.042030] + reg:[0.012132]
(spent time: 1.6177144050598145s)
recall@10:[0.048232], ndcg@10:[0.048586], recall@20:[0.082136], ndcg@20:[0.066062]
(spent time: 16.431771755218506s)
epoch:168, loss:[0.054057] = mf:[0.041910] + reg:[0.012147]
(spent time: 1.4924335479736328s)
recall@10:[0.048361], ndcg@10:[0.048718], recall@20:[0.082034], ndcg@20:[0.066111]
(spent time: 18.356173515319824s)
epoch:169, loss:[0.053872] = mf:[0.041708] + reg:[0.012164]
(spent time: 1.5241682529449463s)
recall@10:[0.048665], ndcg@10:[0.049028], recall@20:[0.082437], ndcg@20:[0.066476]
(spent time: 18.749282598495483s)
epoch:170, loss:[0.053915] = mf:[0.041730] + reg:[0.012185]
(spent time: 1.567915678024292s)
recall@10:[0.048540], ndcg@10:[0.049043], recall@20:[0.082923], ndcg@20:[0.066765]
(spent time: 16.58315873146057s)
epoch:171, loss:[0.053716] = mf:[0.041521] + reg:[0.012196]
(spent time: 1.558396339416504s)
recall@10:[0.048238], ndcg@10:[0.048500], recall@20:[0.082704], ndcg@20:[0.066291]
(spent time: 18.50601100921631s)
epoch:172, loss:[0.054240] = mf:[0.042030] + reg:[0.012210]
(spent time: 1.5686383247375488s)
recall@10:[0.048633], ndcg@10:[0.048932], recall@20:[0.082507], ndcg@20:[0.066377]
(spent time: 18.451855897903442s)
epoch:173, loss:[0.054040] = mf:[0.041814] + reg:[0.012227]
(spent time: 1.7082784175872803s)
recall@10:[0.048778], ndcg@10:[0.049151], recall@20:[0.082333], ndcg@20:[0.066490]
(spent time: 16.706702947616577s)
epoch:174, loss:[0.053811] = mf:[0.041567] + reg:[0.012244]
(spent time: 1.5481109619140625s)
recall@10:[0.048605], ndcg@10:[0.048985], recall@20:[0.082918], ndcg@20:[0.066685]
(spent time: 18.657779693603516s)
epoch:175, loss:[0.053446] = mf:[0.041191] + reg:[0.012255]
(spent time: 1.4970214366912842s)
recall@10:[0.048972], ndcg@10:[0.049173], recall@20:[0.082579], ndcg@20:[0.066552]
(spent time: 18.4925320148468s)
epoch:176, loss:[0.053264] = mf:[0.040988] + reg:[0.012276]
(spent time: 1.5506863594055176s)
recall@10:[0.048981], ndcg@10:[0.049022], recall@20:[0.083001], ndcg@20:[0.066568]
(spent time: 14.787766218185425s)
epoch:177, loss:[0.053545] = mf:[0.041246] + reg:[0.012299]
(spent time: 1.4975266456604004s)
recall@10:[0.048697], ndcg@10:[0.048961], recall@20:[0.083155], ndcg@20:[0.066741]
(spent time: 18.81712007522583s)
epoch:178, loss:[0.053132] = mf:[0.040815] + reg:[0.012318]
(spent time: 1.482069492340088s)
recall@10:[0.048535], ndcg@10:[0.048800], recall@20:[0.083404], ndcg@20:[0.066807]
(spent time: 18.41794514656067s)
epoch:179, loss:[0.052841] = mf:[0.040508] + reg:[0.012333]
(spent time: 1.4691135883331299s)
recall@10:[0.048803], ndcg@10:[0.049025], recall@20:[0.083434], ndcg@20:[0.066852]
(spent time: 15.399134397506714s)
epoch:180, loss:[0.053161] = mf:[0.040807] + reg:[0.012354]
(spent time: 1.4724617004394531s)
recall@10:[0.049176], ndcg@10:[0.049289], recall@20:[0.083364], ndcg@20:[0.066991]
(spent time: 18.26358652114868s)
epoch:181, loss:[0.052951] = mf:[0.040578] + reg:[0.012373]
(spent time: 1.5750045776367188s)
recall@10:[0.049001], ndcg@10:[0.049188], recall@20:[0.083572], ndcg@20:[0.066986]
(spent time: 18.80977725982666s)
epoch:182, loss:[0.053116] = mf:[0.040721] + reg:[0.012396]
(spent time: 1.5279667377471924s)
recall@10:[0.049187], ndcg@10:[0.049594], recall@20:[0.084150], ndcg@20:[0.067578]
(spent time: 14.921992063522339s)
epoch:183, loss:[0.052648] = mf:[0.040236] + reg:[0.012412]
(spent time: 1.4712483882904053s)
recall@10:[0.049378], ndcg@10:[0.049694], recall@20:[0.084289], ndcg@20:[0.067631]
(spent time: 18.335984706878662s)
epoch:184, loss:[0.052724] = mf:[0.040295] + reg:[0.012429]
(spent time: 1.4686262607574463s)
recall@10:[0.049373], ndcg@10:[0.049767], recall@20:[0.084033], ndcg@20:[0.067594]
(spent time: 18.60445261001587s)
epoch:185, loss:[0.052423] = mf:[0.039977] + reg:[0.012446]
(spent time: 1.489379644393921s)
recall@10:[0.048987], ndcg@10:[0.049779], recall@20:[0.084161], ndcg@20:[0.067886]
(spent time: 15.359882116317749s)
epoch:186, loss:[0.052498] = mf:[0.040036] + reg:[0.012462]
(spent time: 1.5743985176086426s)
recall@10:[0.049229], ndcg@10:[0.049935], recall@20:[0.084479], ndcg@20:[0.068069]
(spent time: 18.373639583587646s)
epoch:187, loss:[0.052637] = mf:[0.040161] + reg:[0.012476]
(spent time: 1.460249423980713s)
recall@10:[0.049677], ndcg@10:[0.050285], recall@20:[0.084796], ndcg@20:[0.068317]
(spent time: 18.659594297409058s)
epoch:188, loss:[0.052460] = mf:[0.039972] + reg:[0.012488]
(spent time: 1.6059801578521729s)
recall@10:[0.050131], ndcg@10:[0.050544], recall@20:[0.084593], ndcg@20:[0.068319]
(spent time: 17.721335411071777s)
epoch:189, loss:[0.052203] = mf:[0.039703] + reg:[0.012501]
(spent time: 1.717785358428955s)
recall@10:[0.049872], ndcg@10:[0.050300], recall@20:[0.084747], ndcg@20:[0.068300]
(spent time: 18.407506227493286s)
epoch:190, loss:[0.051772] = mf:[0.039253] + reg:[0.012518]
(spent time: 1.648176908493042s)
recall@10:[0.050001], ndcg@10:[0.050579], recall@20:[0.084683], ndcg@20:[0.068481]
(spent time: 16.953535318374634s)
epoch:191, loss:[0.052279] = mf:[0.039740] + reg:[0.012539]
(spent time: 1.5392279624938965s)
recall@10:[0.050273], ndcg@10:[0.050919], recall@20:[0.084570], ndcg@20:[0.068630]
(spent time: 18.36621332168579s)
epoch:192, loss:[0.051908] = mf:[0.039346] + reg:[0.012561]
(spent time: 1.6069612503051758s)
recall@10:[0.050328], ndcg@10:[0.050762], recall@20:[0.084535], ndcg@20:[0.068449]
(spent time: 18.653587818145752s)
epoch:193, loss:[0.052116] = mf:[0.039541] + reg:[0.012575]
(spent time: 1.6969482898712158s)
recall@10:[0.050450], ndcg@10:[0.050941], recall@20:[0.084916], ndcg@20:[0.068669]
(spent time: 15.965492248535156s)
epoch:194, loss:[0.051839] = mf:[0.039251] + reg:[0.012588]
(spent time: 1.5795884132385254s)
recall@10:[0.050106], ndcg@10:[0.050682], recall@20:[0.085286], ndcg@20:[0.068799]
(spent time: 18.445058345794678s)
epoch:195, loss:[0.051712] = mf:[0.039106] + reg:[0.012605]
(spent time: 1.4935035705566406s)
recall@10:[0.050281], ndcg@10:[0.050726], recall@20:[0.085628], ndcg@20:[0.068932]
(spent time: 18.63959240913391s)
epoch:196, loss:[0.051621] = mf:[0.038999] + reg:[0.012622]
(spent time: 1.6119253635406494s)
recall@10:[0.050232], ndcg@10:[0.050635], recall@20:[0.086017], ndcg@20:[0.069023]
(spent time: 16.689287662506104s)
epoch:197, loss:[0.050983] = mf:[0.038343] + reg:[0.012640]
(spent time: 1.6130764484405518s)
recall@10:[0.049879], ndcg@10:[0.050538], recall@20:[0.086507], ndcg@20:[0.069383]
(spent time: 18.390300750732422s)
epoch:198, loss:[0.051560] = mf:[0.038900] + reg:[0.012660]
(spent time: 1.5423412322998047s)
recall@10:[0.050092], ndcg@10:[0.050815], recall@20:[0.087052], ndcg@20:[0.069737]
(spent time: 18.391780614852905s)
epoch:199, loss:[0.051726] = mf:[0.039051] + reg:[0.012675]
(spent time: 1.448451042175293s)
recall@10:[0.050391], ndcg@10:[0.050977], recall@20:[0.087014], ndcg@20:[0.069789]
(spent time: 16.71461033821106s)
epoch:200, loss:[0.051684] = mf:[0.039001] + reg:[0.012683]
(spent time: 1.578479290008545s)
recall@10:[0.050017], ndcg@10:[0.050893], recall@20:[0.087176], ndcg@20:[0.069942]
(spent time: 18.665255308151245s)
epoch:201, loss:[0.050882] = mf:[0.038185] + reg:[0.012697]
(spent time: 1.4919381141662598s)
recall@10:[0.049904], ndcg@10:[0.050719], recall@20:[0.087015], ndcg@20:[0.069713]
(spent time: 18.59999966621399s)
epoch:202, loss:[0.051500] = mf:[0.038789] + reg:[0.012710]
(spent time: 1.5092451572418213s)
recall@10:[0.050194], ndcg@10:[0.050949], recall@20:[0.087135], ndcg@20:[0.069921]
(spent time: 16.2326877117157s)
epoch:203, loss:[0.051228] = mf:[0.038511] + reg:[0.012717]
(spent time: 1.5859012603759766s)
recall@10:[0.050479], ndcg@10:[0.051080], recall@20:[0.087734], ndcg@20:[0.070201]
(spent time: 18.868233680725098s)
epoch:204, loss:[0.050947] = mf:[0.038215] + reg:[0.012732]
(spent time: 1.52488112449646s)
recall@10:[0.050563], ndcg@10:[0.051287], recall@20:[0.087873], ndcg@20:[0.070439]
(spent time: 18.830777645111084s)
epoch:205, loss:[0.050925] = mf:[0.038178] + reg:[0.012747]
(spent time: 1.531435251235962s)
recall@10:[0.050814], ndcg@10:[0.051205], recall@20:[0.088483], ndcg@20:[0.070507]
(spent time: 16.232474327087402s)
epoch:206, loss:[0.050939] = mf:[0.038174] + reg:[0.012765]
(spent time: 1.630927562713623s)
recall@10:[0.051035], ndcg@10:[0.051223], recall@20:[0.087886], ndcg@20:[0.070134]
(spent time: 18.29163098335266s)
epoch:207, loss:[0.051100] = mf:[0.038319] + reg:[0.012780]
(spent time: 1.5555574893951416s)
recall@10:[0.051022], ndcg@10:[0.051504], recall@20:[0.087949], ndcg@20:[0.070516]
(spent time: 18.68580389022827s)
epoch:208, loss:[0.050689] = mf:[0.037893] + reg:[0.012796]
(spent time: 1.7271571159362793s)
recall@10:[0.051467], ndcg@10:[0.051711], recall@20:[0.088163], ndcg@20:[0.070526]
(spent time: 18.76574420928955s)
epoch:209, loss:[0.050713] = mf:[0.037908] + reg:[0.012805]
(spent time: 1.5650670528411865s)
recall@10:[0.051719], ndcg@10:[0.051851], recall@20:[0.088054], ndcg@20:[0.070499]
(spent time: 18.472445487976074s)
epoch:210, loss:[0.050586] = mf:[0.037764] + reg:[0.012822]
(spent time: 1.5207452774047852s)
recall@10:[0.051943], ndcg@10:[0.051813], recall@20:[0.087840], ndcg@20:[0.070242]
(spent time: 16.322837114334106s)
epoch:211, loss:[0.050964] = mf:[0.038129] + reg:[0.012835]
(spent time: 1.5504655838012695s)
recall@10:[0.051556], ndcg@10:[0.051695], recall@20:[0.088334], ndcg@20:[0.070556]
(spent time: 19.138195514678955s)
epoch:212, loss:[0.050569] = mf:[0.037722] + reg:[0.012847]
(spent time: 1.6285524368286133s)
recall@10:[0.051774], ndcg@10:[0.051764], recall@20:[0.088191], ndcg@20:[0.070449]
(spent time: 19.157132625579834s)
epoch:213, loss:[0.050488] = mf:[0.037625] + reg:[0.012863]
(spent time: 1.6450846195220947s)
recall@10:[0.052107], ndcg@10:[0.052035], recall@20:[0.088047], ndcg@20:[0.070483]
(spent time: 16.63626980781555s)
epoch:214, loss:[0.050189] = mf:[0.037309] + reg:[0.012880]
(spent time: 1.5670628547668457s)
recall@10:[0.052191], ndcg@10:[0.052196], recall@20:[0.087967], ndcg@20:[0.070593]
(spent time: 18.613906145095825s)
epoch:215, loss:[0.050392] = mf:[0.037497] + reg:[0.012895]
(spent time: 1.6011171340942383s)
recall@10:[0.051903], ndcg@10:[0.052165], recall@20:[0.087566], ndcg@20:[0.070530]
(spent time: 18.931766748428345s)
epoch:216, loss:[0.050180] = mf:[0.037269] + reg:[0.012911]
(spent time: 1.5823314189910889s)
recall@10:[0.051696], ndcg@10:[0.051785], recall@20:[0.087927], ndcg@20:[0.070383]
(spent time: 16.717374801635742s)
epoch:217, loss:[0.049899] = mf:[0.036970] + reg:[0.012929]
(spent time: 1.5360405445098877s)
recall@10:[0.051741], ndcg@10:[0.051988], recall@20:[0.087861], ndcg@20:[0.070503]
(spent time: 18.516191244125366s)
epoch:218, loss:[0.049756] = mf:[0.036812] + reg:[0.012944]
(spent time: 1.5699677467346191s)
recall@10:[0.051673], ndcg@10:[0.051679], recall@20:[0.087941], ndcg@20:[0.070280]
(spent time: 18.6121506690979s)
epoch:219, loss:[0.050061] = mf:[0.037100] + reg:[0.012961]
(spent time: 1.568577527999878s)
recall@10:[0.052645], ndcg@10:[0.052311], recall@20:[0.088169], ndcg@20:[0.070555]
(spent time: 16.863555431365967s)
epoch:220, loss:[0.050051] = mf:[0.037081] + reg:[0.012970]
(spent time: 1.6753191947937012s)
recall@10:[0.053312], ndcg@10:[0.052816], recall@20:[0.088101], ndcg@20:[0.070665]
(spent time: 18.598536491394043s)
epoch:221, loss:[0.049624] = mf:[0.036640] + reg:[0.012984]
(spent time: 1.6072781085968018s)
recall@10:[0.052606], ndcg@10:[0.052320], recall@20:[0.087594], ndcg@20:[0.070316]
(spent time: 17.78764295578003s)
epoch:222, loss:[0.049633] = mf:[0.036637] + reg:[0.012996]
(spent time: 1.7887845039367676s)
recall@10:[0.052457], ndcg@10:[0.052495], recall@20:[0.088223], ndcg@20:[0.070887]
(spent time: 18.436601638793945s)
epoch:223, loss:[0.049494] = mf:[0.036486] + reg:[0.013008]
(spent time: 1.5162456035614014s)
recall@10:[0.052452], ndcg@10:[0.052417], recall@20:[0.088427], ndcg@20:[0.070877]
(spent time: 18.417847394943237s)
epoch:224, loss:[0.049719] = mf:[0.036696] + reg:[0.013023]
(spent time: 1.510584831237793s)
recall@10:[0.052437], ndcg@10:[0.052417], recall@20:[0.088069], ndcg@20:[0.070725]
(spent time: 16.064255714416504s)
epoch:225, loss:[0.049157] = mf:[0.036119] + reg:[0.013038]
(spent time: 1.5527617931365967s)
recall@10:[0.052307], ndcg@10:[0.052445], recall@20:[0.088125], ndcg@20:[0.070864]
(spent time: 18.61440134048462s)
epoch:226, loss:[0.049347] = mf:[0.036295] + reg:[0.013051]
(spent time: 1.592379093170166s)
recall@10:[0.052317], ndcg@10:[0.052576], recall@20:[0.088087], ndcg@20:[0.070968]
(spent time: 18.741607904434204s)
epoch:227, loss:[0.049634] = mf:[0.036569] + reg:[0.013066]
(spent time: 1.6181752681732178s)
recall@10:[0.053212], ndcg@10:[0.052967], recall@20:[0.088268], ndcg@20:[0.070953]
(spent time: 16.405510902404785s)
epoch:228, loss:[0.049476] = mf:[0.036399] + reg:[0.013077]
(spent time: 1.586409568786621s)
recall@10:[0.052939], ndcg@10:[0.052693], recall@20:[0.088831], ndcg@20:[0.071141]
(spent time: 18.94081711769104s)
epoch:229, loss:[0.049361] = mf:[0.036274] + reg:[0.013087]
(spent time: 1.5803024768829346s)
recall@10:[0.052575], ndcg@10:[0.052667], recall@20:[0.088291], ndcg@20:[0.071074]
(spent time: 18.338333129882812s)
epoch:230, loss:[0.049548] = mf:[0.036452] + reg:[0.013095]
(spent time: 1.5590028762817383s)
recall@10:[0.052143], ndcg@10:[0.052538], recall@20:[0.088550], ndcg@20:[0.071258]
(spent time: 15.775302171707153s)
epoch:231, loss:[0.049479] = mf:[0.036377] + reg:[0.013102]
(spent time: 1.5349171161651611s)
recall@10:[0.052513], ndcg@10:[0.052887], recall@20:[0.088681], ndcg@20:[0.071493]
(spent time: 18.74800181388855s)
epoch:232, loss:[0.048866] = mf:[0.035757] + reg:[0.013109]
(spent time: 1.5642569065093994s)
recall@10:[0.052639], ndcg@10:[0.052994], recall@20:[0.088864], ndcg@20:[0.071620]
(spent time: 18.678106784820557s)
epoch:233, loss:[0.049265] = mf:[0.036139] + reg:[0.013126]
(spent time: 1.5610170364379883s)
recall@10:[0.052825], ndcg@10:[0.053113], recall@20:[0.089145], ndcg@20:[0.071777]
(spent time: 14.889531373977661s)
epoch:234, loss:[0.048783] = mf:[0.035643] + reg:[0.013140]
(spent time: 1.632913589477539s)
recall@10:[0.052559], ndcg@10:[0.053130], recall@20:[0.088772], ndcg@20:[0.071761]
(spent time: 18.4038987159729s)
epoch:235, loss:[0.049258] = mf:[0.036107] + reg:[0.013151]
(spent time: 1.5428600311279297s)
recall@10:[0.052401], ndcg@10:[0.052907], recall@20:[0.089044], ndcg@20:[0.071716]
(spent time: 18.75823736190796s)
epoch:236, loss:[0.048799] = mf:[0.035638] + reg:[0.013161]
(spent time: 1.5251483917236328s)
recall@10:[0.052709], ndcg@10:[0.053385], recall@20:[0.089572], ndcg@20:[0.072216]
(spent time: 15.775985479354858s)
epoch:237, loss:[0.049370] = mf:[0.036195] + reg:[0.013174]
(spent time: 1.4889771938323975s)
recall@10:[0.052999], ndcg@10:[0.053574], recall@20:[0.089469], ndcg@20:[0.072261]
(spent time: 18.429458141326904s)
epoch:238, loss:[0.048835] = mf:[0.035653] + reg:[0.013182]
(spent time: 1.4920215606689453s)
recall@10:[0.052780], ndcg@10:[0.053450], recall@20:[0.089102], ndcg@20:[0.072173]
(spent time: 18.817530632019043s)
epoch:239, loss:[0.048525] = mf:[0.035330] + reg:[0.013195]
(spent time: 1.6306114196777344s)
recall@10:[0.053327], ndcg@10:[0.053735], recall@20:[0.089198], ndcg@20:[0.072211]
(spent time: 17.052499055862427s)
epoch:240, loss:[0.048926] = mf:[0.035714] + reg:[0.013212]
(spent time: 1.5261352062225342s)
recall@10:[0.052703], ndcg@10:[0.053268], recall@20:[0.089714], ndcg@20:[0.072265]
(spent time: 18.344914197921753s)
epoch:241, loss:[0.048229] = mf:[0.035008] + reg:[0.013221]
(spent time: 1.4591937065124512s)
recall@10:[0.052680], ndcg@10:[0.053264], recall@20:[0.089732], ndcg@20:[0.072271]
(spent time: 17.836272478103638s)
epoch:242, loss:[0.048460] = mf:[0.035222] + reg:[0.013238]
(spent time: 1.6384310722351074s)
recall@10:[0.052640], ndcg@10:[0.053283], recall@20:[0.089387], ndcg@20:[0.072196]
(spent time: 18.302685976028442s)
epoch:243, loss:[0.048583] = mf:[0.035338] + reg:[0.013245]
(spent time: 1.5584876537322998s)
recall@10:[0.052939], ndcg@10:[0.053513], recall@20:[0.089356], ndcg@20:[0.072221]
(spent time: 18.631392002105713s)
epoch:244, loss:[0.048422] = mf:[0.035166] + reg:[0.013256]
(spent time: 1.5631842613220215s)
recall@10:[0.053234], ndcg@10:[0.053603], recall@20:[0.089983], ndcg@20:[0.072421]
(spent time: 16.13857388496399s)
epoch:245, loss:[0.048374] = mf:[0.035105] + reg:[0.013268]
(spent time: 1.540574312210083s)
recall@10:[0.052654], ndcg@10:[0.053443], recall@20:[0.090149], ndcg@20:[0.072609]
(spent time: 18.3509578704834s)
epoch:246, loss:[0.048455] = mf:[0.035175] + reg:[0.013281]
(spent time: 1.5801455974578857s)
recall@10:[0.053122], ndcg@10:[0.053884], recall@20:[0.089386], ndcg@20:[0.072451]
(spent time: 18.751024961471558s)
epoch:247, loss:[0.047896] = mf:[0.034599] + reg:[0.013297]
(spent time: 1.6155822277069092s)
recall@10:[0.053340], ndcg@10:[0.054021], recall@20:[0.090015], ndcg@20:[0.072789]
(spent time: 16.2517671585083s)
epoch:248, loss:[0.048382] = mf:[0.035070] + reg:[0.013312]
(spent time: 1.4993274211883545s)
recall@10:[0.053865], ndcg@10:[0.054370], recall@20:[0.090168], ndcg@20:[0.072938]
(spent time: 18.440541744232178s)
epoch:249, loss:[0.048150] = mf:[0.034826] + reg:[0.013324]
(spent time: 1.5336055755615234s)
recall@10:[0.053733], ndcg@10:[0.054205], recall@20:[0.090000], ndcg@20:[0.072808]
(spent time: 18.382675170898438s)
epoch:250, loss:[0.048545] = mf:[0.035211] + reg:[0.013334]
(spent time: 1.5288920402526855s)
recall@10:[0.053473], ndcg@10:[0.053969], recall@20:[0.090129], ndcg@20:[0.072763]
(spent time: 15.704734086990356s)
epoch:251, loss:[0.047999] = mf:[0.034660] + reg:[0.013339]
(spent time: 1.5334837436676025s)
recall@10:[0.053386], ndcg@10:[0.053958], recall@20:[0.090326], ndcg@20:[0.072879]
(spent time: 18.534396409988403s)
epoch:252, loss:[0.047946] = mf:[0.034600] + reg:[0.013346]
(spent time: 1.5283873081207275s)
recall@10:[0.053750], ndcg@10:[0.053899], recall@20:[0.090203], ndcg@20:[0.072569]
(spent time: 18.436251401901245s)
epoch:253, loss:[0.047805] = mf:[0.034452] + reg:[0.013353]
(spent time: 1.6098041534423828s)
recall@10:[0.053664], ndcg@10:[0.053802], recall@20:[0.090371], ndcg@20:[0.072628]
(spent time: 16.14109444618225s)
epoch:254, loss:[0.048235] = mf:[0.034870] + reg:[0.013364]
(spent time: 1.5918540954589844s)
recall@10:[0.053194], ndcg@10:[0.053776], recall@20:[0.090461], ndcg@20:[0.072845]
(spent time: 18.706727981567383s)
epoch:255, loss:[0.047785] = mf:[0.034411] + reg:[0.013374]
(spent time: 1.6782984733581543s)
recall@10:[0.053096], ndcg@10:[0.053714], recall@20:[0.090699], ndcg@20:[0.072962]
(spent time: 18.454659461975098s)
epoch:256, loss:[0.048047] = mf:[0.034661] + reg:[0.013386]
(spent time: 1.533113718032837s)
recall@10:[0.053049], ndcg@10:[0.053483], recall@20:[0.090495], ndcg@20:[0.072678]
(spent time: 16.143643617630005s)
epoch:257, loss:[0.047654] = mf:[0.034258] + reg:[0.013397]
(spent time: 1.5468089580535889s)
recall@10:[0.053029], ndcg@10:[0.053773], recall@20:[0.090602], ndcg@20:[0.072993]
(spent time: 18.34345769882202s)
epoch:258, loss:[0.047908] = mf:[0.034501] + reg:[0.013407]
(spent time: 1.55987548828125s)
recall@10:[0.053200], ndcg@10:[0.053921], recall@20:[0.090360], ndcg@20:[0.072949]
(spent time: 18.78923225402832s)
epoch:259, loss:[0.047667] = mf:[0.034251] + reg:[0.013416]
(spent time: 1.5142767429351807s)
recall@10:[0.053256], ndcg@10:[0.053895], recall@20:[0.090020], ndcg@20:[0.072780]
(spent time: 14.825977802276611s)
epoch:260, loss:[0.047508] = mf:[0.034083] + reg:[0.013425]
(spent time: 1.5528788566589355s)
recall@10:[0.053481], ndcg@10:[0.054055], recall@20:[0.090419], ndcg@20:[0.072977]
(spent time: 18.45987367630005s)
epoch:261, loss:[0.047763] = mf:[0.034326] + reg:[0.013437]
(spent time: 1.6042532920837402s)
recall@10:[0.053489], ndcg@10:[0.054137], recall@20:[0.091147], ndcg@20:[0.073352]
(spent time: 18.787697315216064s)
epoch:262, loss:[0.047507] = mf:[0.034060] + reg:[0.013447]
(spent time: 1.5876975059509277s)
recall@10:[0.053694], ndcg@10:[0.054196], recall@20:[0.090527], ndcg@20:[0.073112]
(spent time: 18.195825338363647s)
epoch:263, loss:[0.047321] = mf:[0.033858] + reg:[0.013463]
(spent time: 1.5147428512573242s)
recall@10:[0.053128], ndcg@10:[0.053933], recall@20:[0.090233], ndcg@20:[0.073009]
(spent time: 17.942546844482422s)
epoch:264, loss:[0.046976] = mf:[0.033499] + reg:[0.013476]
(spent time: 1.5529820919036865s)
recall@10:[0.053271], ndcg@10:[0.053960], recall@20:[0.090642], ndcg@20:[0.073093]
(spent time: 17.318342924118042s)
epoch:265, loss:[0.047597] = mf:[0.034113] + reg:[0.013484]
(spent time: 1.5846433639526367s)
recall@10:[0.053063], ndcg@10:[0.053726], recall@20:[0.090760], ndcg@20:[0.073090]
(spent time: 18.746951818466187s)
epoch:266, loss:[0.047303] = mf:[0.033807] + reg:[0.013495]
(spent time: 1.5911030769348145s)
recall@10:[0.053344], ndcg@10:[0.053987], recall@20:[0.090451], ndcg@20:[0.073016]
(spent time: 18.92280149459839s)
epoch:267, loss:[0.047334] = mf:[0.033823] + reg:[0.013511]
(spent time: 1.5489730834960938s)
recall@10:[0.053644], ndcg@10:[0.054340], recall@20:[0.090802], ndcg@20:[0.073367]
(spent time: 16.200623273849487s)
epoch:268, loss:[0.046666] = mf:[0.033146] + reg:[0.013520]
(spent time: 1.547590732574463s)
recall@10:[0.053292], ndcg@10:[0.054184], recall@20:[0.090562], ndcg@20:[0.073308]
(spent time: 18.39607310295105s)
epoch:269, loss:[0.047190] = mf:[0.033660] + reg:[0.013530]
(spent time: 1.5119702816009521s)
recall@10:[0.053559], ndcg@10:[0.054523], recall@20:[0.090804], ndcg@20:[0.073653]
(spent time: 18.76507258415222s)
epoch:270, loss:[0.047283] = mf:[0.033745] + reg:[0.013538]
(spent time: 1.521873950958252s)
recall@10:[0.053649], ndcg@10:[0.054621], recall@20:[0.090980], ndcg@20:[0.073750]
(spent time: 16.199047327041626s)
epoch:271, loss:[0.047061] = mf:[0.033515] + reg:[0.013546]
(spent time: 1.5257411003112793s)
recall@10:[0.053498], ndcg@10:[0.054476], recall@20:[0.091020], ndcg@20:[0.073667]
(spent time: 18.368903398513794s)
epoch:272, loss:[0.047071] = mf:[0.033515] + reg:[0.013556]
(spent time: 1.4389421939849854s)
recall@10:[0.053710], ndcg@10:[0.054473], recall@20:[0.090895], ndcg@20:[0.073480]
(spent time: 18.38267469406128s)
epoch:273, loss:[0.046908] = mf:[0.033341] + reg:[0.013567]
(spent time: 1.6355407238006592s)
recall@10:[0.053287], ndcg@10:[0.054344], recall@20:[0.090747], ndcg@20:[0.073531]
(spent time: 16.544200658798218s)
epoch:274, loss:[0.046685] = mf:[0.033107] + reg:[0.013578]
(spent time: 1.5068581104278564s)
recall@10:[0.053716], ndcg@10:[0.054587], recall@20:[0.090469], ndcg@20:[0.073481]
(spent time: 18.510586261749268s)
epoch:275, loss:[0.046876] = mf:[0.033289] + reg:[0.013587]
(spent time: 1.4744234085083008s)
recall@10:[0.053376], ndcg@10:[0.054405], recall@20:[0.090040], ndcg@20:[0.073316]
(spent time: 18.498408317565918s)
epoch:276, loss:[0.046414] = mf:[0.032815] + reg:[0.013599]
(spent time: 1.506026029586792s)
recall@10:[0.053365], ndcg@10:[0.054631], recall@20:[0.090201], ndcg@20:[0.073546]
(spent time: 16.421983003616333s)
epoch:277, loss:[0.047034] = mf:[0.033428] + reg:[0.013606]
(spent time: 1.5043861865997314s)
recall@10:[0.053590], ndcg@10:[0.054769], recall@20:[0.090489], ndcg@20:[0.073720]
(spent time: 19.02729368209839s)
epoch:278, loss:[0.046252] = mf:[0.032638] + reg:[0.013614]
(spent time: 1.4672276973724365s)
recall@10:[0.053485], ndcg@10:[0.054559], recall@20:[0.091025], ndcg@20:[0.073802]
(spent time: 18.65669274330139s)
epoch:279, loss:[0.046496] = mf:[0.032870] + reg:[0.013626]
(spent time: 1.5216341018676758s)
recall@10:[0.053706], ndcg@10:[0.054485], recall@20:[0.090764], ndcg@20:[0.073549]
(spent time: 16.51895046234131s)
epoch:280, loss:[0.046639] = mf:[0.032999] + reg:[0.013640]
(spent time: 1.511308193206787s)
recall@10:[0.054014], ndcg@10:[0.054705], recall@20:[0.090719], ndcg@20:[0.073633]
(spent time: 18.69141173362732s)
epoch:281, loss:[0.046258] = mf:[0.032609] + reg:[0.013649]
(spent time: 1.4750981330871582s)
recall@10:[0.053850], ndcg@10:[0.054835], recall@20:[0.091404], ndcg@20:[0.074172]
(spent time: 18.352120637893677s)
epoch:282, loss:[0.046385] = mf:[0.032723] + reg:[0.013662]
(spent time: 1.6256520748138428s)
recall@10:[0.054444], ndcg@10:[0.055216], recall@20:[0.090938], ndcg@20:[0.074022]
(spent time: 19.042856693267822s)
epoch:283, loss:[0.046668] = mf:[0.032999] + reg:[0.013669]
(spent time: 1.5091848373413086s)
recall@10:[0.053960], ndcg@10:[0.054734], recall@20:[0.091242], ndcg@20:[0.073926]
(spent time: 18.798006772994995s)
epoch:284, loss:[0.046303] = mf:[0.032627] + reg:[0.013677]
(spent time: 1.5719413757324219s)
recall@10:[0.053806], ndcg@10:[0.054710], recall@20:[0.091131], ndcg@20:[0.073948]
(spent time: 15.052639961242676s)
epoch:285, loss:[0.046172] = mf:[0.032481] + reg:[0.013691]
(spent time: 1.551161766052246s)
recall@10:[0.054077], ndcg@10:[0.054815], recall@20:[0.090860], ndcg@20:[0.073813]
(spent time: 18.928921937942505s)
epoch:286, loss:[0.046453] = mf:[0.032752] + reg:[0.013702]
(spent time: 1.5470318794250488s)
recall@10:[0.054056], ndcg@10:[0.054946], recall@20:[0.090659], ndcg@20:[0.073848]
(spent time: 19.134231328964233s)
epoch:287, loss:[0.046323] = mf:[0.032605] + reg:[0.013719]
(spent time: 1.5014491081237793s)
recall@10:[0.054132], ndcg@10:[0.054914], recall@20:[0.090983], ndcg@20:[0.073918]
(spent time: 16.536617040634155s)
epoch:288, loss:[0.046391] = mf:[0.032666] + reg:[0.013725]
(spent time: 1.541280746459961s)
recall@10:[0.054227], ndcg@10:[0.055089], recall@20:[0.091091], ndcg@20:[0.074090]
(spent time: 18.82080626487732s)
epoch:289, loss:[0.045803] = mf:[0.032066] + reg:[0.013737]
(spent time: 1.5332057476043701s)
recall@10:[0.054138], ndcg@10:[0.054842], recall@20:[0.090515], ndcg@20:[0.073656]
(spent time: 19.143980026245117s)
epoch:290, loss:[0.045816] = mf:[0.032062] + reg:[0.013754]
(spent time: 1.6301851272583008s)
recall@10:[0.054249], ndcg@10:[0.054928], recall@20:[0.091432], ndcg@20:[0.074058]
(spent time: 16.403604745864868s)
epoch:291, loss:[0.045904] = mf:[0.032139] + reg:[0.013764]
(spent time: 1.5291242599487305s)
recall@10:[0.054312], ndcg@10:[0.054892], recall@20:[0.091459], ndcg@20:[0.074064]
(spent time: 18.911526918411255s)
epoch:292, loss:[0.046116] = mf:[0.032344] + reg:[0.013773]
(spent time: 1.5348107814788818s)
recall@10:[0.054320], ndcg@10:[0.054898], recall@20:[0.091423], ndcg@20:[0.073982]
(spent time: 18.57227063179016s)
epoch:293, loss:[0.046256] = mf:[0.032476] + reg:[0.013780]
(spent time: 1.560453176498413s)
recall@10:[0.053755], ndcg@10:[0.054564], recall@20:[0.092028], ndcg@20:[0.074215]
(spent time: 16.87626075744629s)
epoch:294, loss:[0.045903] = mf:[0.032114] + reg:[0.013789]
(spent time: 1.5852899551391602s)
recall@10:[0.053866], ndcg@10:[0.054577], recall@20:[0.091978], ndcg@20:[0.074136]
(spent time: 18.862520933151245s)
epoch:295, loss:[0.045816] = mf:[0.032020] + reg:[0.013795]
(spent time: 1.5083019733428955s)
recall@10:[0.054287], ndcg@10:[0.054883], recall@20:[0.092162], ndcg@20:[0.074340]
(spent time: 18.255012035369873s)
epoch:296, loss:[0.045760] = mf:[0.031958] + reg:[0.013802]
(spent time: 1.6614089012145996s)
recall@10:[0.054191], ndcg@10:[0.054761], recall@20:[0.092113], ndcg@20:[0.074251]
(spent time: 18.214893102645874s)
epoch:297, loss:[0.046037] = mf:[0.032225] + reg:[0.013812]
(spent time: 1.4353466033935547s)
recall@10:[0.053922], ndcg@10:[0.054736], recall@20:[0.092342], ndcg@20:[0.074487]
(spent time: 18.74440574645996s)
epoch:298, loss:[0.045913] = mf:[0.032094] + reg:[0.013818]
(spent time: 1.5792286396026611s)
recall@10:[0.053917], ndcg@10:[0.054538], recall@20:[0.092702], ndcg@20:[0.074415]
(spent time: 16.074320554733276s)
epoch:299, loss:[0.045345] = mf:[0.031514] + reg:[0.013831]
(spent time: 1.5958397388458252s)
recall@10:[0.054204], ndcg@10:[0.054836], recall@20:[0.092550], ndcg@20:[0.074476]
(spent time: 18.321390867233276s)
epoch:300, loss:[0.045417] = mf:[0.031576] + reg:[0.013842]
(spent time: 1.4470195770263672s)
recall@10:[0.054131], ndcg@10:[0.054909], recall@20:[0.092344], ndcg@20:[0.074470]
(spent time: 18.600976705551147s)
epoch:301, loss:[0.045315] = mf:[0.031457] + reg:[0.013858]
(spent time: 1.4883077144622803s)
recall@10:[0.054453], ndcg@10:[0.055279], recall@20:[0.092730], ndcg@20:[0.074910]
(spent time: 16.671708822250366s)
epoch:302, loss:[0.045518] = mf:[0.031647] + reg:[0.013871]
(spent time: 1.5355257987976074s)
recall@10:[0.055057], ndcg@10:[0.055824], recall@20:[0.092575], ndcg@20:[0.075050]
(spent time: 18.699753046035767s)
epoch:303, loss:[0.045241] = mf:[0.031360] + reg:[0.013881]
(spent time: 1.5592944622039795s)
recall@10:[0.054890], ndcg@10:[0.055737], recall@20:[0.092747], ndcg@20:[0.075174]
(spent time: 18.37845730781555s)
epoch:304, loss:[0.045495] = mf:[0.031607] + reg:[0.013888]
(spent time: 1.528419017791748s)
recall@10:[0.055059], ndcg@10:[0.055873], recall@20:[0.092682], ndcg@20:[0.075147]
(spent time: 16.315617322921753s)
epoch:305, loss:[0.045392] = mf:[0.031497] + reg:[0.013895]
(spent time: 1.5393307209014893s)
recall@10:[0.054892], ndcg@10:[0.055723], recall@20:[0.092945], ndcg@20:[0.075224]
(spent time: 18.739232301712036s)
epoch:306, loss:[0.045255] = mf:[0.031350] + reg:[0.013905]
(spent time: 1.5407280921936035s)
recall@10:[0.054778], ndcg@10:[0.055579], recall@20:[0.093076], ndcg@20:[0.075238]
(spent time: 18.872011184692383s)
epoch:307, loss:[0.045381] = mf:[0.031469] + reg:[0.013912]
(spent time: 1.516956090927124s)
recall@10:[0.054329], ndcg@10:[0.055479], recall@20:[0.092762], ndcg@20:[0.075231]
(spent time: 15.053897857666016s)
epoch:308, loss:[0.045482] = mf:[0.031560] + reg:[0.013923]
(spent time: 1.4706511497497559s)
recall@10:[0.054568], ndcg@10:[0.055369], recall@20:[0.092887], ndcg@20:[0.075045]
(spent time: 18.264376878738403s)
epoch:309, loss:[0.045073] = mf:[0.031143] + reg:[0.013931]
(spent time: 1.520254373550415s)
recall@10:[0.054125], ndcg@10:[0.055110], recall@20:[0.092724], ndcg@20:[0.074980]
(spent time: 18.859213829040527s)
epoch:310, loss:[0.045070] = mf:[0.031129] + reg:[0.013942]
(spent time: 1.522669792175293s)
recall@10:[0.054218], ndcg@10:[0.055367], recall@20:[0.092690], ndcg@20:[0.075166]
(spent time: 15.013338088989258s)
epoch:311, loss:[0.044870] = mf:[0.030918] + reg:[0.013952]
(spent time: 1.488018274307251s)
recall@10:[0.054467], ndcg@10:[0.055390], recall@20:[0.092558], ndcg@20:[0.075041]
(spent time: 18.38078761100769s)
epoch:312, loss:[0.044912] = mf:[0.030950] + reg:[0.013962]
(spent time: 1.5047533512115479s)
recall@10:[0.054177], ndcg@10:[0.055191], recall@20:[0.093364], ndcg@20:[0.075304]
(spent time: 18.7317955493927s)
epoch:313, loss:[0.044672] = mf:[0.030702] + reg:[0.013970]
(spent time: 1.703251600265503s)
recall@10:[0.054468], ndcg@10:[0.055459], recall@20:[0.093029], ndcg@20:[0.075309]
(spent time: 16.997629165649414s)
epoch:314, loss:[0.045244] = mf:[0.031261] + reg:[0.013984]
(spent time: 1.5324294567108154s)
recall@10:[0.054385], ndcg@10:[0.055398], recall@20:[0.093622], ndcg@20:[0.075519]
(spent time: 18.31428837776184s)
epoch:315, loss:[0.044968] = mf:[0.030979] + reg:[0.013990]
(spent time: 1.5224287509918213s)
recall@10:[0.054522], ndcg@10:[0.055377], recall@20:[0.093586], ndcg@20:[0.075449]
(spent time: 18.388166666030884s)
epoch:316, loss:[0.044865] = mf:[0.030863] + reg:[0.014003]
(spent time: 1.6351804733276367s)
recall@10:[0.054516], ndcg@10:[0.055238], recall@20:[0.093587], ndcg@20:[0.075375]
(spent time: 18.509929895401s)
epoch:317, loss:[0.045006] = mf:[0.030996] + reg:[0.014009]
(spent time: 1.5411758422851562s)
recall@10:[0.055271], ndcg@10:[0.055736], recall@20:[0.093470], ndcg@20:[0.075432]
(spent time: 18.790498971939087s)
epoch:318, loss:[0.045188] = mf:[0.031176] + reg:[0.014012]
(spent time: 1.483349323272705s)
recall@10:[0.055148], ndcg@10:[0.055953], recall@20:[0.093447], ndcg@20:[0.075661]
(spent time: 16.313255786895752s)
epoch:319, loss:[0.044652] = mf:[0.030636] + reg:[0.014015]
(spent time: 1.8301048278808594s)
recall@10:[0.054965], ndcg@10:[0.055764], recall@20:[0.093285], ndcg@20:[0.075486]
(spent time: 17.993837118148804s)
epoch:320, loss:[0.044741] = mf:[0.030714] + reg:[0.014028]
(spent time: 1.4828834533691406s)
recall@10:[0.054873], ndcg@10:[0.055576], recall@20:[0.093441], ndcg@20:[0.075453]
(spent time: 18.815199375152588s)
epoch:321, loss:[0.044211] = mf:[0.030171] + reg:[0.014040]
(spent time: 1.5886874198913574s)
recall@10:[0.054941], ndcg@10:[0.055754], recall@20:[0.093274], ndcg@20:[0.075524]
(spent time: 15.476325988769531s)
epoch:322, loss:[0.045120] = mf:[0.031072] + reg:[0.014049]
(spent time: 1.6699347496032715s)
recall@10:[0.054899], ndcg@10:[0.055809], recall@20:[0.093791], ndcg@20:[0.075826]
(spent time: 18.512637615203857s)
epoch:323, loss:[0.044147] = mf:[0.030092] + reg:[0.014055]
(spent time: 1.5516228675842285s)
recall@10:[0.055191], ndcg@10:[0.056152], recall@20:[0.093363], ndcg@20:[0.075811]
(spent time: 18.530000925064087s)
epoch:324, loss:[0.044391] = mf:[0.030321] + reg:[0.014070]
(spent time: 1.542079210281372s)
recall@10:[0.055177], ndcg@10:[0.056326], recall@20:[0.093858], ndcg@20:[0.076195]
(spent time: 16.78585910797119s)
epoch:325, loss:[0.044552] = mf:[0.030473] + reg:[0.014080]
(spent time: 1.6209394931793213s)
recall@10:[0.055350], ndcg@10:[0.056289], recall@20:[0.093466], ndcg@20:[0.075894]
(spent time: 18.806429624557495s)
epoch:326, loss:[0.044425] = mf:[0.030340] + reg:[0.014085]
(spent time: 1.581432819366455s)
recall@10:[0.055380], ndcg@10:[0.056280], recall@20:[0.093910], ndcg@20:[0.076068]
(spent time: 18.41700315475464s)
epoch:327, loss:[0.044294] = mf:[0.030201] + reg:[0.014094]
(spent time: 1.619199514389038s)
recall@10:[0.055356], ndcg@10:[0.056280], recall@20:[0.094297], ndcg@20:[0.076259]
(spent time: 16.411234855651855s)
epoch:328, loss:[0.044392] = mf:[0.030289] + reg:[0.014103]
(spent time: 1.660034418106079s)
recall@10:[0.055339], ndcg@10:[0.056342], recall@20:[0.094035], ndcg@20:[0.076201]
(spent time: 18.783435106277466s)
epoch:329, loss:[0.043988] = mf:[0.029873] + reg:[0.014115]
(spent time: 1.6985671520233154s)
recall@10:[0.055117], ndcg@10:[0.056295], recall@20:[0.094193], ndcg@20:[0.076366]
(spent time: 18.656192302703857s)
epoch:330, loss:[0.044286] = mf:[0.030161] + reg:[0.014125]
(spent time: 1.571683645248413s)
recall@10:[0.055082], ndcg@10:[0.056281], recall@20:[0.093910], ndcg@20:[0.076231]
(spent time: 15.862022161483765s)
epoch:331, loss:[0.043927] = mf:[0.029790] + reg:[0.014138]
(spent time: 1.6645119190216064s)
recall@10:[0.055163], ndcg@10:[0.056317], recall@20:[0.093423], ndcg@20:[0.076049]
(spent time: 18.489238262176514s)
epoch:332, loss:[0.044365] = mf:[0.030217] + reg:[0.014147]
(spent time: 1.6514191627502441s)
recall@10:[0.055712], ndcg@10:[0.056901], recall@20:[0.093932], ndcg@20:[0.076490]
(spent time: 18.85941243171692s)
epoch:333, loss:[0.043830] = mf:[0.029676] + reg:[0.014153]
(spent time: 1.9161906242370605s)
recall@10:[0.055316], ndcg@10:[0.056595], recall@20:[0.093901], ndcg@20:[0.076329]
(spent time: 18.818180799484253s)
epoch:334, loss:[0.043891] = mf:[0.029725] + reg:[0.014166]
(spent time: 1.5837697982788086s)
recall@10:[0.055445], ndcg@10:[0.056639], recall@20:[0.094011], ndcg@20:[0.076435]
(spent time: 18.52415704727173s)
epoch:335, loss:[0.044114] = mf:[0.029938] + reg:[0.014176]
(spent time: 1.5601329803466797s)
recall@10:[0.055265], ndcg@10:[0.056472], recall@20:[0.094506], ndcg@20:[0.076607]
(spent time: 15.293788194656372s)
epoch:336, loss:[0.044241] = mf:[0.030061] + reg:[0.014181]
(spent time: 1.5380849838256836s)
recall@10:[0.055082], ndcg@10:[0.056229], recall@20:[0.094086], ndcg@20:[0.076273]
(spent time: 18.843584537506104s)
epoch:337, loss:[0.044136] = mf:[0.029952] + reg:[0.014184]
(spent time: 1.5945556163787842s)
recall@10:[0.055668], ndcg@10:[0.056646], recall@20:[0.094038], ndcg@20:[0.076368]
(spent time: 18.474292278289795s)
epoch:338, loss:[0.043900] = mf:[0.029707] + reg:[0.014193]
(spent time: 1.6547019481658936s)
recall@10:[0.055582], ndcg@10:[0.056770], recall@20:[0.094106], ndcg@20:[0.076561]
(spent time: 16.75540018081665s)
epoch:339, loss:[0.043682] = mf:[0.029480] + reg:[0.014202]
(spent time: 1.6782939434051514s)
recall@10:[0.054975], ndcg@10:[0.056169], recall@20:[0.093643], ndcg@20:[0.076061]
(spent time: 18.57030963897705s)
epoch:340, loss:[0.043611] = mf:[0.029400] + reg:[0.014211]
(spent time: 1.5337190628051758s)
recall@10:[0.055184], ndcg@10:[0.056311], recall@20:[0.093897], ndcg@20:[0.076151]
(spent time: 18.8442804813385s)
epoch:341, loss:[0.044193] = mf:[0.029975] + reg:[0.014218]
(spent time: 1.5115723609924316s)
recall@10:[0.055367], ndcg@10:[0.056336], recall@20:[0.093267], ndcg@20:[0.075837]
(spent time: 16.017343044281006s)
epoch:342, loss:[0.044021] = mf:[0.029803] + reg:[0.014218]
(spent time: 1.5276515483856201s)
recall@10:[0.055651], ndcg@10:[0.056250], recall@20:[0.093437], ndcg@20:[0.075701]
(spent time: 18.59627914428711s)
epoch:343, loss:[0.043692] = mf:[0.029468] + reg:[0.014224]
(spent time: 1.5413954257965088s)
recall@10:[0.055699], ndcg@10:[0.056280], recall@20:[0.093493], ndcg@20:[0.075791]
(spent time: 18.67342972755432s)
epoch:344, loss:[0.043296] = mf:[0.029060] + reg:[0.014236]
(spent time: 1.6086657047271729s)
recall@10:[0.055653], ndcg@10:[0.056105], recall@20:[0.094172], ndcg@20:[0.075948]
(spent time: 16.816446781158447s)
epoch:345, loss:[0.043673] = mf:[0.029426] + reg:[0.014247]
(spent time: 1.5845425128936768s)
recall@10:[0.055814], ndcg@10:[0.056330], recall@20:[0.094159], ndcg@20:[0.076026]
(spent time: 18.585383892059326s)
epoch:346, loss:[0.043831] = mf:[0.029576] + reg:[0.014255]
(spent time: 1.5376918315887451s)
recall@10:[0.055572], ndcg@10:[0.056293], recall@20:[0.094118], ndcg@20:[0.076108]
(spent time: 18.6213641166687s)
epoch:347, loss:[0.043515] = mf:[0.029250] + reg:[0.014265]
(spent time: 1.6101951599121094s)
recall@10:[0.055514], ndcg@10:[0.056326], recall@20:[0.094121], ndcg@20:[0.076146]
(spent time: 16.13095259666443s)
epoch:348, loss:[0.043664] = mf:[0.029390] + reg:[0.014274]
(spent time: 1.6132359504699707s)
recall@10:[0.055518], ndcg@10:[0.056213], recall@20:[0.094418], ndcg@20:[0.076137]
(spent time: 18.638758897781372s)
epoch:349, loss:[0.043325] = mf:[0.029048] + reg:[0.014277]
(spent time: 1.5641117095947266s)
recall@10:[0.055481], ndcg@10:[0.056150], recall@20:[0.094452], ndcg@20:[0.076101]
(spent time: 18.399791717529297s)
epoch:350, loss:[0.043346] = mf:[0.029061] + reg:[0.014285]
(spent time: 1.7523460388183594s)
recall@10:[0.055521], ndcg@10:[0.056029], recall@20:[0.094796], ndcg@20:[0.076140]
(spent time: 18.755316734313965s)
